ARM GAS  C:\Users\UNIPRO~1\AppData\Local\Temp\ccVZcXNs.s 			page 1


   1              		.syntax unified
   2              		.cpu cortex-m3
   3              		.fpu softvfp
   4              		.eabi_attribute 20, 1
   5              		.eabi_attribute 21, 1
   6              		.eabi_attribute 23, 3
   7              		.eabi_attribute 24, 1
   8              		.eabi_attribute 25, 1
   9              		.eabi_attribute 26, 1
  10              		.eabi_attribute 30, 1
  11              		.eabi_attribute 34, 1
  12              		.eabi_attribute 18, 4
  13              		.thumb
  14              		.syntax unified
  15              		.file	"cymetadata.c"
  16              		.text
  17              	.Ltext0:
  18              		.cfi_sections	.debug_frame
  19              		.global	cy_metadata
  20              		.global	cy_meta_flashprotect
  21              		.global	cy_meta_wonvl
  22              		.global	cy_meta_custnvl
  23              		.global	cy_meta_configecc
  24              		.section	.cyconfigecc,"a",%progbits
  25              		.align	2
  26              		.type	cy_meta_configecc, %object
  27              		.size	cy_meta_configecc, 872
  28              	cy_meta_configecc:
  29 0000 03       		.byte	3
  30 0001 65       		.byte	101
  31 0002 00       		.byte	0
  32 0003 40       		.byte	64
  33 0004 01       		.byte	1
  34 0005 09       		.byte	9
  35 0006 01       		.byte	1
  36 0007 40       		.byte	64
  37 0008 02       		.byte	2
  38 0009 0B       		.byte	11
  39 000a 01       		.byte	1
  40 000b 40       		.byte	64
  41 000c 01       		.byte	1
  42 000d 17       		.byte	23
  43 000e 01       		.byte	1
  44 000f 40       		.byte	64
  45 0010 73       		.byte	115
  46 0011 18       		.byte	24
  47 0012 01       		.byte	1
  48 0013 40       		.byte	64
  49 0014 41       		.byte	65
  50 0015 19       		.byte	25
  51 0016 01       		.byte	1
  52 0017 40       		.byte	64
  53 0018 16       		.byte	22
  54 0019 1A       		.byte	26
  55 001a 01       		.byte	1
  56 001b 40       		.byte	64
  57 001c 46       		.byte	70
ARM GAS  C:\Users\UNIPRO~1\AppData\Local\Temp\ccVZcXNs.s 			page 2


  58 001d 1B       		.byte	27
  59 001e 01       		.byte	1
  60 001f 40       		.byte	64
  61 0020 04       		.byte	4
  62 0021 44       		.byte	68
  63 0022 01       		.byte	1
  64 0023 40       		.byte	64
  65 0024 02       		.byte	2
  66 0025 45       		.byte	69
  67 0026 01       		.byte	1
  68 0027 40       		.byte	64
  69 0028 05       		.byte	5
  70 0029 46       		.byte	70
  71 002a 01       		.byte	1
  72 002b 40       		.byte	64
  73 002c 02       		.byte	2
  74 002d 47       		.byte	71
  75 002e 01       		.byte	1
  76 002f 40       		.byte	64
  77 0030 04       		.byte	4
  78 0031 48       		.byte	72
  79 0032 01       		.byte	1
  80 0033 40       		.byte	64
  81 0034 05       		.byte	5
  82 0035 4C       		.byte	76
  83 0036 01       		.byte	1
  84 0037 40       		.byte	64
  85 0038 0D       		.byte	13
  86 0039 4D       		.byte	77
  87 003a 01       		.byte	1
  88 003b 40       		.byte	64
  89 003c 02       		.byte	2
  90 003d 50       		.byte	80
  91 003e 01       		.byte	1
  92 003f 40       		.byte	64
  93 0040 88       		.byte	-120
  94 0041 0F       		.byte	15
  95 0042 8A       		.byte	-118
  96 0043 72       		.byte	114
  97 0044 8B       		.byte	-117
  98 0045 38       		.byte	56
  99 0046 9D       		.byte	-99
 100 0047 40       		.byte	64
 101 0048 85       		.byte	-123
 102 0049 40       		.byte	64
 103 004a E4       		.byte	-28
 104 004b 08       		.byte	8
 105 004c EC       		.byte	-20
 106 004d 10       		.byte	16
 107 004e 01       		.byte	1
 108 004f 80       		.byte	-128
 109 0050 04       		.byte	4
 110 0051 10       		.byte	16
 111 0052 05       		.byte	5
 112 0053 53       		.byte	83
 113 0054 06       		.byte	6
 114 0055 AC       		.byte	-84
ARM GAS  C:\Users\UNIPRO~1\AppData\Local\Temp\ccVZcXNs.s 			page 3


 115 0056 07       		.byte	7
 116 0057 04       		.byte	4
 117 0058 08       		.byte	8
 118 0059 0C       		.byte	12
 119 005a 09       		.byte	9
 120 005b 03       		.byte	3
 121 005c 0A       		.byte	10
 122 005d 71       		.byte	113
 123 005e 0B       		.byte	11
 124 005f 44       		.byte	68
 125 0060 0C       		.byte	12
 126 0061 09       		.byte	9
 127 0062 0E       		.byte	14
 128 0063 D0       		.byte	-48
 129 0064 13       		.byte	19
 130 0065 08       		.byte	8
 131 0066 15       		.byte	21
 132 0067 53       		.byte	83
 133 0068 16       		.byte	22
 134 0069 03       		.byte	3
 135 006a 17       		.byte	23
 136 006b 0C       		.byte	12
 137 006c 18       		.byte	24
 138 006d 14       		.byte	20
 139 006e 1E       		.byte	30
 140 006f 20       		.byte	32
 141 0070 21       		.byte	33
 142 0071 20       		.byte	32
 143 0072 23       		.byte	35
 144 0073 45       		.byte	69
 145 0074 24       		.byte	36
 146 0075 DC       		.byte	-36
 147 0076 25       		.byte	37
 148 0077 0A       		.byte	10
 149 0078 26       		.byte	38
 150 0079 22       		.byte	34
 151 007a 27       		.byte	39
 152 007b 54       		.byte	84
 153 007c 28       		.byte	40
 154 007d 10       		.byte	16
 155 007e 2A       		.byte	42
 156 007f 40       		.byte	64
 157 0080 31       		.byte	49
 158 0081 40       		.byte	64
 159 0082 32       		.byte	50
 160 0083 1F       		.byte	31
 161 0084 33       		.byte	51
 162 0085 0F       		.byte	15
 163 0086 34       		.byte	52
 164 0087 E0       		.byte	-32
 165 0088 35       		.byte	53
 166 0089 80       		.byte	-128
 167 008a 37       		.byte	55
 168 008b 30       		.byte	48
 169 008c 38       		.byte	56
 170 008d 80       		.byte	-128
 171 008e 39       		.byte	57
ARM GAS  C:\Users\UNIPRO~1\AppData\Local\Temp\ccVZcXNs.s 			page 4


 172 008f 80       		.byte	-128
 173 0090 3A       		.byte	58
 174 0091 20       		.byte	32
 175 0092 3B       		.byte	59
 176 0093 08       		.byte	8
 177 0094 3E       		.byte	62
 178 0095 40       		.byte	64
 179 0096 3F       		.byte	63
 180 0097 11       		.byte	17
 181 0098 40       		.byte	64
 182 0099 64       		.byte	100
 183 009a 41       		.byte	65
 184 009b 02       		.byte	2
 185 009c 45       		.byte	69
 186 009d 0B       		.byte	11
 187 009e 46       		.byte	70
 188 009f C0       		.byte	-64
 189 00a0 47       		.byte	71
 190 00a1 E0       		.byte	-32
 191 00a2 48       		.byte	72
 192 00a3 29       		.byte	41
 193 00a4 49       		.byte	73
 194 00a5 FF       		.byte	-1
 195 00a6 4A       		.byte	74
 196 00a7 FF       		.byte	-1
 197 00a8 4B       		.byte	75
 198 00a9 FF       		.byte	-1
 199 00aa 4E       		.byte	78
 200 00ab F0       		.byte	-16
 201 00ac 4F       		.byte	79
 202 00ad 44       		.byte	68
 203 00ae 50       		.byte	80
 204 00af 0C       		.byte	12
 205 00b0 54       		.byte	84
 206 00b1 01       		.byte	1
 207 00b2 58       		.byte	88
 208 00b3 04       		.byte	4
 209 00b4 59       		.byte	89
 210 00b5 04       		.byte	4
 211 00b6 5A       		.byte	90
 212 00b7 04       		.byte	4
 213 00b8 5B       		.byte	91
 214 00b9 04       		.byte	4
 215 00ba 5C       		.byte	92
 216 00bb 11       		.byte	17
 217 00bc 5D       		.byte	93
 218 00bd 11       		.byte	17
 219 00be 5F       		.byte	95
 220 00bf 01       		.byte	1
 221 00c0 66       		.byte	102
 222 00c1 C0       		.byte	-64
 223 00c2 6A       		.byte	106
 224 00c3 40       		.byte	64
 225 00c4 6B       		.byte	107
 226 00c5 02       		.byte	2
 227 00c6 80       		.byte	-128
 228 00c7 80       		.byte	-128
ARM GAS  C:\Users\UNIPRO~1\AppData\Local\Temp\ccVZcXNs.s 			page 5


 229 00c8 82       		.byte	-126
 230 00c9 40       		.byte	64
 231 00ca 84       		.byte	-124
 232 00cb 2C       		.byte	44
 233 00cc 85       		.byte	-123
 234 00cd 17       		.byte	23
 235 00ce 86       		.byte	-122
 236 00cf 03       		.byte	3
 237 00d0 88       		.byte	-120
 238 00d1 C0       		.byte	-64
 239 00d2 89       		.byte	-119
 240 00d3 01       		.byte	1
 241 00d4 8B       		.byte	-117
 242 00d5 02       		.byte	2
 243 00d6 8D       		.byte	-115
 244 00d7 02       		.byte	2
 245 00d8 8E       		.byte	-114
 246 00d9 0C       		.byte	12
 247 00da 8F       		.byte	-113
 248 00db 05       		.byte	5
 249 00dc 90       		.byte	-112
 250 00dd 40       		.byte	64
 251 00de 92       		.byte	-110
 252 00df 80       		.byte	-128
 253 00e0 95       		.byte	-107
 254 00e1 17       		.byte	23
 255 00e2 96       		.byte	-106
 256 00e3 08       		.byte	8
 257 00e4 98       		.byte	-104
 258 00e5 31       		.byte	49
 259 00e6 9A       		.byte	-102
 260 00e7 0E       		.byte	14
 261 00e8 9D       		.byte	-99
 262 00e9 10       		.byte	16
 263 00ea A1       		.byte	-95
 264 00eb 04       		.byte	4
 265 00ec A2       		.byte	-94
 266 00ed 13       		.byte	19
 267 00ee A3       		.byte	-93
 268 00ef 02       		.byte	2
 269 00f0 A4       		.byte	-92
 270 00f1 C0       		.byte	-64
 271 00f2 A8       		.byte	-88
 272 00f3 31       		.byte	49
 273 00f4 A9       		.byte	-87
 274 00f5 08       		.byte	8
 275 00f6 AA       		.byte	-86
 276 00f7 06       		.byte	6
 277 00f8 B1       		.byte	-79
 278 00f9 07       		.byte	7
 279 00fa B2       		.byte	-78
 280 00fb 0F       		.byte	15
 281 00fc B3       		.byte	-77
 282 00fd 10       		.byte	16
 283 00fe B4       		.byte	-76
 284 00ff 30       		.byte	48
 285 0100 B5       		.byte	-75
ARM GAS  C:\Users\UNIPRO~1\AppData\Local\Temp\ccVZcXNs.s 			page 6


 286 0101 08       		.byte	8
 287 0102 B6       		.byte	-74
 288 0103 C0       		.byte	-64
 289 0104 B8       		.byte	-72
 290 0105 20       		.byte	32
 291 0106 BA       		.byte	-70
 292 0107 08       		.byte	8
 293 0108 BE       		.byte	-66
 294 0109 10       		.byte	16
 295 010a BF       		.byte	-65
 296 010b 10       		.byte	16
 297 010c C0       		.byte	-64
 298 010d 02       		.byte	2
 299 010e C7       		.byte	-57
 300 010f 04       		.byte	4
 301 0110 C9       		.byte	-55
 302 0111 FF       		.byte	-1
 303 0112 CA       		.byte	-54
 304 0113 07       		.byte	7
 305 0114 CB       		.byte	-53
 306 0115 FF       		.byte	-1
 307 0116 CC       		.byte	-52
 308 0117 40       		.byte	64
 309 0118 CD       		.byte	-51
 310 0119 20       		.byte	32
 311 011a CE       		.byte	-50
 312 011b F0       		.byte	-16
 313 011c CF       		.byte	-49
 314 011d 05       		.byte	5
 315 011e D0       		.byte	-48
 316 011f 08       		.byte	8
 317 0120 D8       		.byte	-40
 318 0121 04       		.byte	4
 319 0122 D9       		.byte	-39
 320 0123 04       		.byte	4
 321 0124 DA       		.byte	-38
 322 0125 04       		.byte	4
 323 0126 DC       		.byte	-36
 324 0127 11       		.byte	17
 325 0128 DD       		.byte	-35
 326 0129 01       		.byte	1
 327 012a DF       		.byte	-33
 328 012b 01       		.byte	1
 329 012c E0       		.byte	-32
 330 012d 40       		.byte	64
 331 012e E1       		.byte	-31
 332 012f A8       		.byte	-88
 333 0130 E2       		.byte	-30
 334 0131 40       		.byte	64
 335 0132 E3       		.byte	-29
 336 0133 20       		.byte	32
 337 0134 01       		.byte	1
 338 0135 08       		.byte	8
 339 0136 03       		.byte	3
 340 0137 85       		.byte	-123
 341 0138 05       		.byte	5
 342 0139 10       		.byte	16
ARM GAS  C:\Users\UNIPRO~1\AppData\Local\Temp\ccVZcXNs.s 			page 7


 343 013a 07       		.byte	7
 344 013b 11       		.byte	17
 345 013c 09       		.byte	9
 346 013d 18       		.byte	24
 347 013e 0A       		.byte	10
 348 013f 04       		.byte	4
 349 0140 0B       		.byte	11
 350 0141 80       		.byte	-128
 351 0142 0C       		.byte	12
 352 0143 80       		.byte	-128
 353 0144 0E       		.byte	14
 354 0145 20       		.byte	32
 355 0146 0F       		.byte	15
 356 0147 08       		.byte	8
 357 0148 10       		.byte	16
 358 0149 80       		.byte	-128
 359 014a 11       		.byte	17
 360 014b 04       		.byte	4
 361 014c 12       		.byte	18
 362 014d 08       		.byte	8
 363 014e 13       		.byte	19
 364 014f 02       		.byte	2
 365 0150 14       		.byte	20
 366 0151 10       		.byte	16
 367 0152 16       		.byte	22
 368 0153 04       		.byte	4
 369 0154 18       		.byte	24
 370 0155 04       		.byte	4
 371 0156 19       		.byte	25
 372 0157 08       		.byte	8
 373 0158 1A       		.byte	26
 374 0159 02       		.byte	2
 375 015a 1B       		.byte	27
 376 015b 80       		.byte	-128
 377 015c 1D       		.byte	29
 378 015d 50       		.byte	80
 379 015e 1E       		.byte	30
 380 015f 24       		.byte	36
 381 0160 1F       		.byte	31
 382 0161 08       		.byte	8
 383 0162 21       		.byte	33
 384 0163 04       		.byte	4
 385 0164 23       		.byte	35
 386 0165 44       		.byte	68
 387 0166 26       		.byte	38
 388 0167 08       		.byte	8
 389 0168 27       		.byte	39
 390 0169 99       		.byte	-103
 391 016a 2B       		.byte	43
 392 016b 88       		.byte	-120
 393 016c 2C       		.byte	44
 394 016d 90       		.byte	-112
 395 016e 2D       		.byte	45
 396 016f 08       		.byte	8
 397 0170 32       		.byte	50
 398 0171 40       		.byte	64
 399 0172 33       		.byte	51
ARM GAS  C:\Users\UNIPRO~1\AppData\Local\Temp\ccVZcXNs.s 			page 8


 400 0173 04       		.byte	4
 401 0174 36       		.byte	54
 402 0175 08       		.byte	8
 403 0176 37       		.byte	55
 404 0177 01       		.byte	1
 405 0178 39       		.byte	57
 406 0179 04       		.byte	4
 407 017a 3A       		.byte	58
 408 017b 20       		.byte	32
 409 017c 3B       		.byte	59
 410 017d 40       		.byte	64
 411 017e 3D       		.byte	61
 412 017f 01       		.byte	1
 413 0180 3E       		.byte	62
 414 0181 16       		.byte	22
 415 0182 3F       		.byte	63
 416 0183 20       		.byte	32
 417 0184 40       		.byte	64
 418 0185 04       		.byte	4
 419 0186 45       		.byte	69
 420 0187 10       		.byte	16
 421 0188 47       		.byte	71
 422 0189 02       		.byte	2
 423 018a 48       		.byte	72
 424 018b 80       		.byte	-128
 425 018c 4E       		.byte	78
 426 018d 08       		.byte	8
 427 018e 4F       		.byte	79
 428 018f 08       		.byte	8
 429 0190 51       		.byte	81
 430 0191 08       		.byte	8
 431 0192 52       		.byte	82
 432 0193 04       		.byte	4
 433 0194 56       		.byte	86
 434 0195 02       		.byte	2
 435 0196 57       		.byte	87
 436 0197 10       		.byte	16
 437 0198 5D       		.byte	93
 438 0199 01       		.byte	1
 439 019a 5E       		.byte	94
 440 019b 10       		.byte	16
 441 019c 5F       		.byte	95
 442 019d 88       		.byte	-120
 443 019e 8B       		.byte	-117
 444 019f 04       		.byte	4
 445 01a0 9D       		.byte	-99
 446 01a1 40       		.byte	64
 447 01a2 C0       		.byte	-64
 448 01a3 EF       		.byte	-17
 449 01a4 C2       		.byte	-62
 450 01a5 EE       		.byte	-18
 451 01a6 C4       		.byte	-60
 452 01a7 6E       		.byte	110
 453 01a8 CA       		.byte	-54
 454 01a9 C5       		.byte	-59
 455 01aa CC       		.byte	-52
 456 01ab CA       		.byte	-54
ARM GAS  C:\Users\UNIPRO~1\AppData\Local\Temp\ccVZcXNs.s 			page 9


 457 01ac CE       		.byte	-50
 458 01ad EE       		.byte	-18
 459 01ae D0       		.byte	-48
 460 01af A4       		.byte	-92
 461 01b0 D2       		.byte	-46
 462 01b1 20       		.byte	32
 463 01b2 D6       		.byte	-42
 464 01b3 F0       		.byte	-16
 465 01b4 EC       		.byte	-20
 466 01b5 10       		.byte	16
 467 01b6 82       		.byte	-126
 468 01b7 02       		.byte	2
 469 01b8 86       		.byte	-122
 470 01b9 04       		.byte	4
 471 01ba 88       		.byte	-120
 472 01bb 08       		.byte	8
 473 01bc 8A       		.byte	-118
 474 01bd 01       		.byte	1
 475 01be 8C       		.byte	-116
 476 01bf 09       		.byte	9
 477 01c0 92       		.byte	-110
 478 01c1 02       		.byte	2
 479 01c2 94       		.byte	-108
 480 01c3 09       		.byte	9
 481 01c4 A8       		.byte	-88
 482 01c5 08       		.byte	8
 483 01c6 AA       		.byte	-86
 484 01c7 01       		.byte	1
 485 01c8 AE       		.byte	-82
 486 01c9 04       		.byte	4
 487 01ca B0       		.byte	-80
 488 01cb 01       		.byte	1
 489 01cc B2       		.byte	-78
 490 01cd 02       		.byte	2
 491 01ce B4       		.byte	-76
 492 01cf 04       		.byte	4
 493 01d0 B6       		.byte	-74
 494 01d1 08       		.byte	8
 495 01d2 B8       		.byte	-72
 496 01d3 02       		.byte	2
 497 01d4 BE       		.byte	-66
 498 01d5 54       		.byte	84
 499 01d6 D4       		.byte	-44
 500 01d7 18       		.byte	24
 501 01d8 D8       		.byte	-40
 502 01d9 04       		.byte	4
 503 01da DB       		.byte	-37
 504 01db 04       		.byte	4
 505 01dc DC       		.byte	-36
 506 01dd 01       		.byte	1
 507 01de DD       		.byte	-35
 508 01df 10       		.byte	16
 509 01e0 DF       		.byte	-33
 510 01e1 01       		.byte	1
 511 01e2 00       		.byte	0
 512 01e3 44       		.byte	68
 513 01e4 01       		.byte	1
ARM GAS  C:\Users\UNIPRO~1\AppData\Local\Temp\ccVZcXNs.s 			page 10


 514 01e5 01       		.byte	1
 515 01e6 03       		.byte	3
 516 01e7 08       		.byte	8
 517 01e8 04       		.byte	4
 518 01e9 82       		.byte	-126
 519 01ea 05       		.byte	5
 520 01eb 24       		.byte	36
 521 01ec 08       		.byte	8
 522 01ed 01       		.byte	1
 523 01ee 0A       		.byte	10
 524 01ef 02       		.byte	2
 525 01f0 0B       		.byte	11
 526 01f1 50       		.byte	80
 527 01f2 0E       		.byte	14
 528 01f3 40       		.byte	64
 529 01f4 0F       		.byte	15
 530 01f5 10       		.byte	16
 531 01f6 10       		.byte	16
 532 01f7 82       		.byte	-126
 533 01f8 13       		.byte	19
 534 01f9 24       		.byte	36
 535 01fa 15       		.byte	21
 536 01fb 20       		.byte	32
 537 01fc 17       		.byte	23
 538 01fd 80       		.byte	-128
 539 01fe 18       		.byte	24
 540 01ff C1       		.byte	-63
 541 0200 19       		.byte	25
 542 0201 29       		.byte	41
 543 0202 1D       		.byte	29
 544 0203 40       		.byte	64
 545 0204 1E       		.byte	30
 546 0205 40       		.byte	64
 547 0206 1F       		.byte	31
 548 0207 24       		.byte	36
 549 0208 20       		.byte	32
 550 0209 04       		.byte	4
 551 020a 21       		.byte	33
 552 020b 10       		.byte	16
 553 020c 22       		.byte	34
 554 020d 12       		.byte	18
 555 020e 23       		.byte	35
 556 020f 91       		.byte	-111
 557 0210 28       		.byte	40
 558 0211 01       		.byte	1
 559 0212 29       		.byte	41
 560 0213 09       		.byte	9
 561 0214 2B       		.byte	43
 562 0215 08       		.byte	8
 563 0216 30       		.byte	48
 564 0217 80       		.byte	-128
 565 0218 31       		.byte	49
 566 0219 08       		.byte	8
 567 021a 32       		.byte	50
 568 021b 11       		.byte	17
 569 021c 39       		.byte	57
 570 021d 03       		.byte	3
ARM GAS  C:\Users\UNIPRO~1\AppData\Local\Temp\ccVZcXNs.s 			page 11


 571 021e 3B       		.byte	59
 572 021f 94       		.byte	-108
 573 0220 40       		.byte	64
 574 0221 41       		.byte	65
 575 0222 41       		.byte	65
 576 0223 04       		.byte	4
 577 0224 43       		.byte	67
 578 0225 08       		.byte	8
 579 0226 49       		.byte	73
 580 0227 04       		.byte	4
 581 0228 4A       		.byte	74
 582 0229 02       		.byte	2
 583 022a 4B       		.byte	75
 584 022b 10       		.byte	16
 585 022c 50       		.byte	80
 586 022d 01       		.byte	1
 587 022e 59       		.byte	89
 588 022f 40       		.byte	64
 589 0230 5F       		.byte	95
 590 0231 01       		.byte	1
 591 0232 67       		.byte	103
 592 0233 0A       		.byte	10
 593 0234 69       		.byte	105
 594 0235 04       		.byte	4
 595 0236 6A       		.byte	106
 596 0237 80       		.byte	-128
 597 0238 6B       		.byte	107
 598 0239 04       		.byte	4
 599 023a 70       		.byte	112
 600 023b 80       		.byte	-128
 601 023c 71       		.byte	113
 602 023d 08       		.byte	8
 603 023e 73       		.byte	115
 604 023f 24       		.byte	36
 605 0240 83       		.byte	-125
 606 0241 21       		.byte	33
 607 0242 88       		.byte	-120
 608 0243 02       		.byte	2
 609 0244 89       		.byte	-119
 610 0245 21       		.byte	33
 611 0246 8A       		.byte	-118
 612 0247 20       		.byte	32
 613 0248 8B       		.byte	-117
 614 0249 40       		.byte	64
 615 024a 91       		.byte	-111
 616 024b 08       		.byte	8
 617 024c 92       		.byte	-110
 618 024d 02       		.byte	2
 619 024e 93       		.byte	-109
 620 024f 40       		.byte	64
 621 0250 95       		.byte	-107
 622 0251 04       		.byte	4
 623 0252 96       		.byte	-106
 624 0253 80       		.byte	-128
 625 0254 97       		.byte	-105
 626 0255 80       		.byte	-128
 627 0256 9E       		.byte	-98
ARM GAS  C:\Users\UNIPRO~1\AppData\Local\Temp\ccVZcXNs.s 			page 12


 628 0257 20       		.byte	32
 629 0258 9F       		.byte	-97
 630 0259 04       		.byte	4
 631 025a C0       		.byte	-64
 632 025b FF       		.byte	-1
 633 025c C2       		.byte	-62
 634 025d 3D       		.byte	61
 635 025e C4       		.byte	-60
 636 025f CF       		.byte	-49
 637 0260 CA       		.byte	-54
 638 0261 0F       		.byte	15
 639 0262 CC       		.byte	-52
 640 0263 0F       		.byte	15
 641 0264 CE       		.byte	-50
 642 0265 0F       		.byte	15
 643 0266 D0       		.byte	-48
 644 0267 0B       		.byte	11
 645 0268 D2       		.byte	-46
 646 0269 0C       		.byte	12
 647 026a D6       		.byte	-42
 648 026b 88       		.byte	-120
 649 026c D8       		.byte	-40
 650 026d 30       		.byte	48
 651 026e 10       		.byte	16
 652 026f 10       		.byte	16
 653 0270 7C       		.byte	124
 654 0271 08       		.byte	8
 655 0272 C4       		.byte	-60
 656 0273 08       		.byte	8
 657 0274 DE       		.byte	-34
 658 0275 01       		.byte	1
 659 0276 98       		.byte	-104
 660 0277 10       		.byte	16
 661 0278 9C       		.byte	-100
 662 0279 08       		.byte	8
 663 027a 45       		.byte	69
 664 027b 02       		.byte	2
 665 027c 84       		.byte	-124
 666 027d 08       		.byte	8
 667 027e 98       		.byte	-104
 668 027f 10       		.byte	16
 669 0280 9C       		.byte	-100
 670 0281 08       		.byte	8
 671 0282 D0       		.byte	-48
 672 0283 01       		.byte	1
 673 0284 98       		.byte	-104
 674 0285 10       		.byte	16
 675 0286 A5       		.byte	-91
 676 0287 02       		.byte	2
 677 0288 27       		.byte	39
 678 0289 04       		.byte	4
 679 028a 9F       		.byte	-97
 680 028b 04       		.byte	4
 681 028c B7       		.byte	-73
 682 028d 04       		.byte	4
 683 028e C8       		.byte	-56
 684 028f 20       		.byte	32
ARM GAS  C:\Users\UNIPRO~1\AppData\Local\Temp\ccVZcXNs.s 			page 13


 685 0290 8B       		.byte	-117
 686 0291 20       		.byte	32
 687 0292 98       		.byte	-104
 688 0293 10       		.byte	16
 689 0294 B5       		.byte	-75
 690 0295 02       		.byte	2
 691 0296 E4       		.byte	-28
 692 0297 04       		.byte	4
 693 0298 EC       		.byte	-20
 694 0299 08       		.byte	8
 695 029a 10       		.byte	16
 696 029b 80       		.byte	-128
 697 029c 1B       		.byte	27
 698 029d 02       		.byte	2
 699 029e 77       		.byte	119
 700 029f 20       		.byte	32
 701 02a0 78       		.byte	120
 702 02a1 10       		.byte	16
 703 02a2 7B       		.byte	123
 704 02a3 02       		.byte	2
 705 02a4 88       		.byte	-120
 706 02a5 80       		.byte	-128
 707 02a6 98       		.byte	-104
 708 02a7 10       		.byte	16
 709 02a8 9B       		.byte	-101
 710 02a9 20       		.byte	32
 711 02aa C4       		.byte	-60
 712 02ab 08       		.byte	8
 713 02ac C6       		.byte	-58
 714 02ad 08       		.byte	8
 715 02ae DC       		.byte	-36
 716 02af 01       		.byte	1
 717 02b0 DE       		.byte	-34
 718 02b1 06       		.byte	6
 719 02b2 E6       		.byte	-26
 720 02b3 01       		.byte	1
 721 02b4 10       		.byte	16
 722 02b5 02       		.byte	2
 723 02b6 1C       		.byte	28
 724 02b7 02       		.byte	2
 725 02b8 80       		.byte	-128
 726 02b9 A0       		.byte	-96
 727 02ba 00       		.byte	0
 728 02bb 00       		.byte	0
 729 02bc 40       		.byte	64
 730 02bd 00       		.byte	0
 731 02be 00       		.byte	0
 732 02bf 00       		.byte	0
 733 02c0 0F       		.byte	15
 734 02c1 19       		.byte	25
 735 02c2 20       		.byte	32
 736 02c3 E2       		.byte	-30
 737 02c4 0C       		.byte	12
 738 02c5 08       		.byte	8
 739 02c6 23       		.byte	35
 740 02c7 00       		.byte	0
 741 02c8 00       		.byte	0
ARM GAS  C:\Users\UNIPRO~1\AppData\Local\Temp\ccVZcXNs.s 			page 14


 742 02c9 FF       		.byte	-1
 743 02ca 23       		.byte	35
 744 02cb 00       		.byte	0
 745 02cc 23       		.byte	35
 746 02cd 41       		.byte	65
 747 02ce 0C       		.byte	12
 748 02cf 00       		.byte	0
 749 02d0 03       		.byte	3
 750 02d1 80       		.byte	-128
 751 02d2 80       		.byte	-128
 752 02d3 00       		.byte	0
 753 02d4 2F       		.byte	47
 754 02d5 18       		.byte	24
 755 02d6 00       		.byte	0
 756 02d7 00       		.byte	0
 757 02d8 00       		.byte	0
 758 02d9 39       		.byte	57
 759 02da 00       		.byte	0
 760 02db C4       		.byte	-60
 761 02dc 02       		.byte	2
 762 02dd 10       		.byte	16
 763 02de 40       		.byte	64
 764 02df 00       		.byte	0
 765 02e0 08       		.byte	8
 766 02e1 E7       		.byte	-25
 767 02e2 00       		.byte	0
 768 02e3 18       		.byte	24
 769 02e4 04       		.byte	4
 770 02e5 00       		.byte	0
 771 02e6 00       		.byte	0
 772 02e7 01       		.byte	1
 773 02e8 0C       		.byte	12
 774 02e9 00       		.byte	0
 775 02ea 00       		.byte	0
 776 02eb E6       		.byte	-26
 777 02ec 01       		.byte	1
 778 02ed C0       		.byte	-64
 779 02ee 50       		.byte	80
 780 02ef 00       		.byte	0
 781 02f0 0F       		.byte	15
 782 02f1 38       		.byte	56
 783 02f2 10       		.byte	16
 784 02f3 00       		.byte	0
 785 02f4 2C       		.byte	44
 786 02f5 1F       		.byte	31
 787 02f6 C0       		.byte	-64
 788 02f7 C0       		.byte	-64
 789 02f8 00       		.byte	0
 790 02f9 00       		.byte	0
 791 02fa 22       		.byte	34
 792 02fb 28       		.byte	40
 793 02fc 00       		.byte	0
 794 02fd 00       		.byte	0
 795 02fe 40       		.byte	64
 796 02ff 00       		.byte	0
 797 0300 43       		.byte	67
 798 0301 06       		.byte	6
ARM GAS  C:\Users\UNIPRO~1\AppData\Local\Temp\ccVZcXNs.s 			page 15


 799 0302 05       		.byte	5
 800 0303 00       		.byte	0
 801 0304 01       		.byte	1
 802 0305 0C       		.byte	12
 803 0306 00       		.byte	0
 804 0307 E0       		.byte	-32
 805 0308 21       		.byte	33
 806 0309 FF       		.byte	-1
 807 030a FF       		.byte	-1
 808 030b FF       		.byte	-1
 809 030c 62       		.byte	98
 810 030d A0       		.byte	-96
 811 030e F0       		.byte	-16
 812 030f 41       		.byte	65
 813 0310 0C       		.byte	12
 814 0311 00       		.byte	0
 815 0312 00       		.byte	0
 816 0313 00       		.byte	0
 817 0314 00       		.byte	0
 818 0315 00       		.byte	0
 819 0316 02       		.byte	2
 820 0317 10       		.byte	16
 821 0318 04       		.byte	4
 822 0319 04       		.byte	4
 823 031a 04       		.byte	4
 824 031b 04       		.byte	4
 825 031c 11       		.byte	17
 826 031d 11       		.byte	17
 827 031e 00       		.byte	0
 828 031f 01       		.byte	1
 829 0320 00       		.byte	0
 830 0321 00       		.byte	0
 831 0322 00       		.byte	0
 832 0323 00       		.byte	0
 833 0324 00       		.byte	0
 834 0325 00       		.byte	0
 835 0326 40       		.byte	64
 836 0327 02       		.byte	2
 837 0328 00       		.byte	0
 838 0329 10       		.byte	16
 839 032a 30       		.byte	48
 840 032b 10       		.byte	16
 841 032c 00       		.byte	0
 842 032d 10       		.byte	16
 843 032e 10       		.byte	16
 844 032f 12       		.byte	18
 845 0330 00       		.byte	0
 846 0331 00       		.byte	0
 847 0332 00       		.byte	0
 848 0333 00       		.byte	0
 849 0334 00       		.byte	0
 850 0335 00       		.byte	0
 851 0336 00       		.byte	0
 852 0337 00       		.byte	0
 853 0338 00       		.byte	0
 854 0339 00       		.byte	0
 855 033a 00       		.byte	0
ARM GAS  C:\Users\UNIPRO~1\AppData\Local\Temp\ccVZcXNs.s 			page 16


 856 033b 00       		.byte	0
 857 033c 00       		.byte	0
 858 033d 00       		.byte	0
 859 033e 00       		.byte	0
 860 033f 00       		.byte	0
 861 0340 00       		.byte	0
 862 0341 00       		.byte	0
 863 0342 00       		.byte	0
 864 0343 00       		.byte	0
 865 0344 00       		.byte	0
 866 0345 00       		.byte	0
 867 0346 F0       		.byte	-16
 868 0347 00       		.byte	0
 869 0348 80       		.byte	-128
 870 0349 00       		.byte	0
 871 034a 50       		.byte	80
 872 034b A0       		.byte	-96
 873 034c A0       		.byte	-96
 874 034d 00       		.byte	0
 875 034e A0       		.byte	-96
 876 034f 00       		.byte	0
 877 0350 00       		.byte	0
 878 0351 00       		.byte	0
 879 0352 00       		.byte	0
 880 0353 00       		.byte	0
 881 0354 00       		.byte	0
 882 0355 0B       		.byte	11
 883 0356 0B       		.byte	11
 884 0357 00       		.byte	0
 885 0358 00       		.byte	0
 886 0359 00       		.byte	0
 887 035a 00       		.byte	0
 888 035b 00       		.byte	0
 889 035c 00       		.byte	0
 890 035d 00       		.byte	0
 891 035e 00       		.byte	0
 892 035f 00       		.byte	0
 893 0360 00       		.byte	0
 894 0361 00       		.byte	0
 895 0362 30       		.byte	48
 896 0363 00       		.byte	0
 897 0364 95       		.byte	-107
 898 0365 00       		.byte	0
 899 0366 18       		.byte	24
 900 0367 01       		.byte	1
 901              		.section	.cywolatch,"a",%progbits
 902              		.align	2
 903              		.type	cy_meta_wonvl, %object
 904              		.size	cy_meta_wonvl, 4
 905              	cy_meta_wonvl:
 906 0000 BC       		.byte	-68
 907 0001 90       		.byte	-112
 908 0002 AC       		.byte	-84
 909 0003 AF       		.byte	-81
 910              		.section	.cycustnvl,"a",%progbits
 911              		.align	2
 912              		.type	cy_meta_custnvl, %object
ARM GAS  C:\Users\UNIPRO~1\AppData\Local\Temp\ccVZcXNs.s 			page 17


 913              		.size	cy_meta_custnvl, 4
 914              	cy_meta_custnvl:
 915 0000 00       		.byte	0
 916 0001 00       		.byte	0
 917 0002 40       		.byte	64
 918 0003 05       		.byte	5
 919              		.section	.cymeta,"a",%progbits
 920              		.align	2
 921              		.type	cy_metadata, %object
 922              		.size	cy_metadata, 12
 923              	cy_metadata:
 924 0000 00       		.byte	0
 925 0001 01       		.byte	1
 926 0002 2E       		.byte	46
 927 0003 16       		.byte	22
 928 0004 10       		.byte	16
 929 0005 69       		.byte	105
 930 0006 00       		.byte	0
 931 0007 01       		.byte	1
 932 0008 00       		.byte	0
 933 0009 00       		.byte	0
 934 000a 00       		.byte	0
 935 000b 00       		.byte	0
 936              		.section	.cyflashprotect,"a",%progbits
 937              		.align	2
 938              		.type	cy_meta_flashprotect, %object
 939              		.size	cy_meta_flashprotect, 256
 940              	cy_meta_flashprotect:
 941 0000 00000000 		.space	256
 941      00000000 
 941      00000000 
 941      00000000 
 941      00000000 
 942              		.text
 943              	.Letext0:
 944              		.file 1 "c:\\program files (x86)\\cypress\\psoc creator\\4.4\\psoc creator\\import\\gnu\\arm\\5.4.
 945              		.file 2 "c:\\program files (x86)\\cypress\\psoc creator\\4.4\\psoc creator\\import\\gnu\\arm\\5.4.
 946              		.file 3 "Generated_Source\\PSoC5\\cymetadata.c"
 947              		.section	.debug_info,"",%progbits
 948              	.Ldebug_info0:
 949 0000 31010000 		.4byte	0x131
 950 0004 0400     		.2byte	0x4
 951 0006 00000000 		.4byte	.Ldebug_abbrev0
 952 000a 04       		.byte	0x4
 953 000b 01       		.uleb128 0x1
 954 000c 24000000 		.4byte	.LASF17
 955 0010 0C       		.byte	0xc
 956 0011 C2010000 		.4byte	.LASF18
 957 0015 69010000 		.4byte	.LASF19
 958 0019 00000000 		.4byte	.Ldebug_line0
 959 001d 02       		.uleb128 0x2
 960 001e 01       		.byte	0x1
 961 001f 06       		.byte	0x6
 962 0020 B6010000 		.4byte	.LASF0
 963 0024 03       		.uleb128 0x3
 964 0025 00000000 		.4byte	.LASF9
 965 0029 01       		.byte	0x1
ARM GAS  C:\Users\UNIPRO~1\AppData\Local\Temp\ccVZcXNs.s 			page 18


 966 002a 1D       		.byte	0x1d
 967 002b 2F000000 		.4byte	0x2f
 968 002f 02       		.uleb128 0x2
 969 0030 01       		.byte	0x1
 970 0031 08       		.byte	0x8
 971 0032 16000000 		.4byte	.LASF1
 972 0036 02       		.uleb128 0x2
 973 0037 02       		.byte	0x2
 974 0038 05       		.byte	0x5
 975 0039 D7000000 		.4byte	.LASF2
 976 003d 02       		.uleb128 0x2
 977 003e 02       		.byte	0x2
 978 003f 07       		.byte	0x7
 979 0040 C4000000 		.4byte	.LASF3
 980 0044 02       		.uleb128 0x2
 981 0045 04       		.byte	0x4
 982 0046 05       		.byte	0x5
 983 0047 AD010000 		.4byte	.LASF4
 984 004b 02       		.uleb128 0x2
 985 004c 04       		.byte	0x4
 986 004d 07       		.byte	0x7
 987 004e B2000000 		.4byte	.LASF5
 988 0052 02       		.uleb128 0x2
 989 0053 08       		.byte	0x8
 990 0054 05       		.byte	0x5
 991 0055 5B010000 		.4byte	.LASF6
 992 0059 02       		.uleb128 0x2
 993 005a 08       		.byte	0x8
 994 005b 07       		.byte	0x7
 995 005c 10010000 		.4byte	.LASF7
 996 0060 04       		.uleb128 0x4
 997 0061 04       		.byte	0x4
 998 0062 05       		.byte	0x5
 999 0063 696E7400 		.ascii	"int\000"
 1000 0067 02       		.uleb128 0x2
 1001 0068 04       		.byte	0x4
 1002 0069 07       		.byte	0x7
 1003 006a 03010000 		.4byte	.LASF8
 1004 006e 03       		.uleb128 0x3
 1005 006f 27010000 		.4byte	.LASF10
 1006 0073 02       		.byte	0x2
 1007 0074 18       		.byte	0x18
 1008 0075 24000000 		.4byte	0x24
 1009 0079 05       		.uleb128 0x5
 1010 007a 91000000 		.4byte	0x91
 1011 007e 8A000000 		.4byte	0x8a
 1012 0082 06       		.uleb128 0x6
 1013 0083 8A000000 		.4byte	0x8a
 1014 0087 6703     		.2byte	0x367
 1015 0089 00       		.byte	0
 1016 008a 02       		.uleb128 0x2
 1017 008b 04       		.byte	0x4
 1018 008c 07       		.byte	0x7
 1019 008d 52010000 		.4byte	.LASF11
 1020 0091 07       		.uleb128 0x7
 1021 0092 6E000000 		.4byte	0x6e
 1022 0096 08       		.uleb128 0x8
ARM GAS  C:\Users\UNIPRO~1\AppData\Local\Temp\ccVZcXNs.s 			page 19


 1023 0097 F1000000 		.4byte	.LASF12
 1024 009b 03       		.byte	0x3
 1025 009c 1F       		.byte	0x1f
 1026 009d A7000000 		.4byte	0xa7
 1027 00a1 05       		.uleb128 0x5
 1028 00a2 03       		.byte	0x3
 1029 00a3 00000000 		.4byte	cy_meta_configecc
 1030 00a7 07       		.uleb128 0x7
 1031 00a8 79000000 		.4byte	0x79
 1032 00ac 05       		.uleb128 0x5
 1033 00ad 91000000 		.4byte	0x91
 1034 00b1 BC000000 		.4byte	0xbc
 1035 00b5 09       		.uleb128 0x9
 1036 00b6 8A000000 		.4byte	0x8a
 1037 00ba 03       		.byte	0x3
 1038 00bb 00       		.byte	0
 1039 00bc 08       		.uleb128 0x8
 1040 00bd E1000000 		.4byte	.LASF13
 1041 00c1 03       		.byte	0x3
 1042 00c2 99       		.byte	0x99
 1043 00c3 CD000000 		.4byte	0xcd
 1044 00c7 05       		.uleb128 0x5
 1045 00c8 03       		.byte	0x3
 1046 00c9 00000000 		.4byte	cy_meta_custnvl
 1047 00cd 07       		.uleb128 0x7
 1048 00ce AC000000 		.4byte	0xac
 1049 00d2 08       		.uleb128 0x8
 1050 00d3 44010000 		.4byte	.LASF14
 1051 00d7 03       		.byte	0x3
 1052 00d8 A7       		.byte	0xa7
 1053 00d9 E3000000 		.4byte	0xe3
 1054 00dd 05       		.uleb128 0x5
 1055 00de 03       		.byte	0x3
 1056 00df 00000000 		.4byte	cy_meta_wonvl
 1057 00e3 07       		.uleb128 0x7
 1058 00e4 AC000000 		.4byte	0xac
 1059 00e8 05       		.uleb128 0x5
 1060 00e9 91000000 		.4byte	0x91
 1061 00ed F8000000 		.4byte	0xf8
 1062 00f1 09       		.uleb128 0x9
 1063 00f2 8A000000 		.4byte	0x8a
 1064 00f6 FF       		.byte	0xff
 1065 00f7 00       		.byte	0
 1066 00f8 08       		.uleb128 0x8
 1067 00f9 2F010000 		.4byte	.LASF15
 1068 00fd 03       		.byte	0x3
 1069 00fe B5       		.byte	0xb5
 1070 00ff 09010000 		.4byte	0x109
 1071 0103 05       		.uleb128 0x5
 1072 0104 03       		.byte	0x3
 1073 0105 00000000 		.4byte	cy_meta_flashprotect
 1074 0109 07       		.uleb128 0x7
 1075 010a E8000000 		.4byte	0xe8
 1076 010e 05       		.uleb128 0x5
 1077 010f 91000000 		.4byte	0x91
 1078 0113 1E010000 		.4byte	0x11e
 1079 0117 09       		.uleb128 0x9
ARM GAS  C:\Users\UNIPRO~1\AppData\Local\Temp\ccVZcXNs.s 			page 20


 1080 0118 8A000000 		.4byte	0x8a
 1081 011c 0B       		.byte	0xb
 1082 011d 00       		.byte	0
 1083 011e 08       		.uleb128 0x8
 1084 011f 0A000000 		.4byte	.LASF16
 1085 0123 03       		.byte	0x3
 1086 0124 E2       		.byte	0xe2
 1087 0125 2F010000 		.4byte	0x12f
 1088 0129 05       		.uleb128 0x5
 1089 012a 03       		.byte	0x3
 1090 012b 00000000 		.4byte	cy_metadata
 1091 012f 07       		.uleb128 0x7
 1092 0130 0E010000 		.4byte	0x10e
 1093 0134 00       		.byte	0
 1094              		.section	.debug_abbrev,"",%progbits
 1095              	.Ldebug_abbrev0:
 1096 0000 01       		.uleb128 0x1
 1097 0001 11       		.uleb128 0x11
 1098 0002 01       		.byte	0x1
 1099 0003 25       		.uleb128 0x25
 1100 0004 0E       		.uleb128 0xe
 1101 0005 13       		.uleb128 0x13
 1102 0006 0B       		.uleb128 0xb
 1103 0007 03       		.uleb128 0x3
 1104 0008 0E       		.uleb128 0xe
 1105 0009 1B       		.uleb128 0x1b
 1106 000a 0E       		.uleb128 0xe
 1107 000b 10       		.uleb128 0x10
 1108 000c 17       		.uleb128 0x17
 1109 000d 00       		.byte	0
 1110 000e 00       		.byte	0
 1111 000f 02       		.uleb128 0x2
 1112 0010 24       		.uleb128 0x24
 1113 0011 00       		.byte	0
 1114 0012 0B       		.uleb128 0xb
 1115 0013 0B       		.uleb128 0xb
 1116 0014 3E       		.uleb128 0x3e
 1117 0015 0B       		.uleb128 0xb
 1118 0016 03       		.uleb128 0x3
 1119 0017 0E       		.uleb128 0xe
 1120 0018 00       		.byte	0
 1121 0019 00       		.byte	0
 1122 001a 03       		.uleb128 0x3
 1123 001b 16       		.uleb128 0x16
 1124 001c 00       		.byte	0
 1125 001d 03       		.uleb128 0x3
 1126 001e 0E       		.uleb128 0xe
 1127 001f 3A       		.uleb128 0x3a
 1128 0020 0B       		.uleb128 0xb
 1129 0021 3B       		.uleb128 0x3b
 1130 0022 0B       		.uleb128 0xb
 1131 0023 49       		.uleb128 0x49
 1132 0024 13       		.uleb128 0x13
 1133 0025 00       		.byte	0
 1134 0026 00       		.byte	0
 1135 0027 04       		.uleb128 0x4
 1136 0028 24       		.uleb128 0x24
ARM GAS  C:\Users\UNIPRO~1\AppData\Local\Temp\ccVZcXNs.s 			page 21


 1137 0029 00       		.byte	0
 1138 002a 0B       		.uleb128 0xb
 1139 002b 0B       		.uleb128 0xb
 1140 002c 3E       		.uleb128 0x3e
 1141 002d 0B       		.uleb128 0xb
 1142 002e 03       		.uleb128 0x3
 1143 002f 08       		.uleb128 0x8
 1144 0030 00       		.byte	0
 1145 0031 00       		.byte	0
 1146 0032 05       		.uleb128 0x5
 1147 0033 01       		.uleb128 0x1
 1148 0034 01       		.byte	0x1
 1149 0035 49       		.uleb128 0x49
 1150 0036 13       		.uleb128 0x13
 1151 0037 01       		.uleb128 0x1
 1152 0038 13       		.uleb128 0x13
 1153 0039 00       		.byte	0
 1154 003a 00       		.byte	0
 1155 003b 06       		.uleb128 0x6
 1156 003c 21       		.uleb128 0x21
 1157 003d 00       		.byte	0
 1158 003e 49       		.uleb128 0x49
 1159 003f 13       		.uleb128 0x13
 1160 0040 2F       		.uleb128 0x2f
 1161 0041 05       		.uleb128 0x5
 1162 0042 00       		.byte	0
 1163 0043 00       		.byte	0
 1164 0044 07       		.uleb128 0x7
 1165 0045 26       		.uleb128 0x26
 1166 0046 00       		.byte	0
 1167 0047 49       		.uleb128 0x49
 1168 0048 13       		.uleb128 0x13
 1169 0049 00       		.byte	0
 1170 004a 00       		.byte	0
 1171 004b 08       		.uleb128 0x8
 1172 004c 34       		.uleb128 0x34
 1173 004d 00       		.byte	0
 1174 004e 03       		.uleb128 0x3
 1175 004f 0E       		.uleb128 0xe
 1176 0050 3A       		.uleb128 0x3a
 1177 0051 0B       		.uleb128 0xb
 1178 0052 3B       		.uleb128 0x3b
 1179 0053 0B       		.uleb128 0xb
 1180 0054 49       		.uleb128 0x49
 1181 0055 13       		.uleb128 0x13
 1182 0056 3F       		.uleb128 0x3f
 1183 0057 19       		.uleb128 0x19
 1184 0058 02       		.uleb128 0x2
 1185 0059 18       		.uleb128 0x18
 1186 005a 00       		.byte	0
 1187 005b 00       		.byte	0
 1188 005c 09       		.uleb128 0x9
 1189 005d 21       		.uleb128 0x21
 1190 005e 00       		.byte	0
 1191 005f 49       		.uleb128 0x49
 1192 0060 13       		.uleb128 0x13
 1193 0061 2F       		.uleb128 0x2f
ARM GAS  C:\Users\UNIPRO~1\AppData\Local\Temp\ccVZcXNs.s 			page 22


 1194 0062 0B       		.uleb128 0xb
 1195 0063 00       		.byte	0
 1196 0064 00       		.byte	0
 1197 0065 00       		.byte	0
 1198              		.section	.debug_aranges,"",%progbits
 1199 0000 14000000 		.4byte	0x14
 1200 0004 0200     		.2byte	0x2
 1201 0006 00000000 		.4byte	.Ldebug_info0
 1202 000a 04       		.byte	0x4
 1203 000b 00       		.byte	0
 1204 000c 0000     		.2byte	0
 1205 000e 0000     		.2byte	0
 1206 0010 00000000 		.4byte	0
 1207 0014 00000000 		.4byte	0
 1208              		.section	.debug_line,"",%progbits
 1209              	.Ldebug_line0:
 1210 0000 3D010000 		.section	.debug_str,"MS",%progbits,1
 1210      02003701 
 1210      00000201 
 1210      FB0E0D00 
 1210      01010101 
 1211              	.LASF9:
 1212 0000 5F5F7569 		.ascii	"__uint8_t\000"
 1212      6E74385F 
 1212      7400
 1213              	.LASF16:
 1214 000a 63795F6D 		.ascii	"cy_metadata\000"
 1214      65746164 
 1214      61746100 
 1215              	.LASF1:
 1216 0016 756E7369 		.ascii	"unsigned char\000"
 1216      676E6564 
 1216      20636861 
 1216      7200
 1217              	.LASF17:
 1218 0024 474E5520 		.ascii	"GNU C11 5.4.1 20160609 (release) [ARM/embedded-5-br"
 1218      43313120 
 1218      352E342E 
 1218      31203230 
 1218      31363036 
 1219 0057 616E6368 		.ascii	"anch revision 237715] -mcpu=cortex-m3 -mthumb -g -O"
 1219      20726576 
 1219      6973696F 
 1219      6E203233 
 1219      37373135 
 1220 008a 67202D66 		.ascii	"g -ffunction-sections -ffat-lto-objects\000"
 1220      66756E63 
 1220      74696F6E 
 1220      2D736563 
 1220      74696F6E 
 1221              	.LASF5:
 1222 00b2 6C6F6E67 		.ascii	"long unsigned int\000"
 1222      20756E73 
 1222      69676E65 
 1222      6420696E 
 1222      7400
 1223              	.LASF3:
ARM GAS  C:\Users\UNIPRO~1\AppData\Local\Temp\ccVZcXNs.s 			page 23


 1224 00c4 73686F72 		.ascii	"short unsigned int\000"
 1224      7420756E 
 1224      7369676E 
 1224      65642069 
 1224      6E7400
 1225              	.LASF2:
 1226 00d7 73686F72 		.ascii	"short int\000"
 1226      7420696E 
 1226      7400
 1227              	.LASF13:
 1228 00e1 63795F6D 		.ascii	"cy_meta_custnvl\000"
 1228      6574615F 
 1228      63757374 
 1228      6E766C00 
 1229              	.LASF12:
 1230 00f1 63795F6D 		.ascii	"cy_meta_configecc\000"
 1230      6574615F 
 1230      636F6E66 
 1230      69676563 
 1230      6300
 1231              	.LASF8:
 1232 0103 756E7369 		.ascii	"unsigned int\000"
 1232      676E6564 
 1232      20696E74 
 1232      00
 1233              	.LASF7:
 1234 0110 6C6F6E67 		.ascii	"long long unsigned int\000"
 1234      206C6F6E 
 1234      6720756E 
 1234      7369676E 
 1234      65642069 
 1235              	.LASF10:
 1236 0127 75696E74 		.ascii	"uint8_t\000"
 1236      385F7400 
 1237              	.LASF15:
 1238 012f 63795F6D 		.ascii	"cy_meta_flashprotect\000"
 1238      6574615F 
 1238      666C6173 
 1238      6870726F 
 1238      74656374 
 1239              	.LASF14:
 1240 0144 63795F6D 		.ascii	"cy_meta_wonvl\000"
 1240      6574615F 
 1240      776F6E76 
 1240      6C00
 1241              	.LASF11:
 1242 0152 73697A65 		.ascii	"sizetype\000"
 1242      74797065 
 1242      00
 1243              	.LASF6:
 1244 015b 6C6F6E67 		.ascii	"long long int\000"
 1244      206C6F6E 
 1244      6720696E 
 1244      7400
 1245              	.LASF19:
 1246 0169 433A5C55 		.ascii	"C:\\Users\\UniPrograms\\Documents\\PSoC Creator\\MU"
 1246      73657273 
ARM GAS  C:\Users\UNIPRO~1\AppData\Local\Temp\ccVZcXNs.s 			page 24


 1246      5C556E69 
 1246      50726F67 
 1246      72616D73 
 1247 0197 525C564F 		.ascii	"R\\VOLTCANMASTER.cydsn\000"
 1247      4C544341 
 1247      4E4D4153 
 1247      5445522E 
 1247      63796473 
 1248              	.LASF4:
 1249 01ad 6C6F6E67 		.ascii	"long int\000"
 1249      20696E74 
 1249      00
 1250              	.LASF0:
 1251 01b6 7369676E 		.ascii	"signed char\000"
 1251      65642063 
 1251      68617200 
 1252              	.LASF18:
 1253 01c2 47656E65 		.ascii	"Generated_Source\\PSoC5\\cymetadata.c\000"
 1253      72617465 
 1253      645F536F 
 1253      75726365 
 1253      5C50536F 
 1254              		.ident	"GCC: (GNU Tools for ARM Embedded Processors) 5.4.1 20160609 (release) [ARM/embedded-5-bran
