ARM GAS  C:\Users\UNIPRO~1\AppData\Local\Temp\ccAKWlaQ.s 			page 1


   1              		.syntax unified
   2              		.cpu cortex-m3
   3              		.fpu softvfp
   4              		.eabi_attribute 20, 1
   5              		.eabi_attribute 21, 1
   6              		.eabi_attribute 23, 3
   7              		.eabi_attribute 24, 1
   8              		.eabi_attribute 25, 1
   9              		.eabi_attribute 26, 1
  10              		.eabi_attribute 30, 1
  11              		.eabi_attribute 34, 1
  12              		.eabi_attribute 18, 4
  13              		.thumb
  14              		.syntax unified
  15              		.file	"main.c"
  16              		.text
  17              	.Ltext0:
  18              		.cfi_sections	.debug_frame
  19              		.section	.text.max,"ax",%progbits
  20              		.align	2
  21              		.global	max
  22              		.thumb
  23              		.thumb_func
  24              		.type	max, %function
  25              	max:
  26              	.LFB64:
  27              		.file 1 "main.c"
   1:main.c        **** /* ========================================
   2:main.c        ****  *
   3:main.c        ****  * Copyright YOUR COMPANY, THE YEAR
   4:main.c        ****  * All Rights Reserved
   5:main.c        ****  * UNPUBLISHED, LICENSED SOFTWARE.
   6:main.c        ****  *
   7:main.c        ****  * CONFIDENTIAL AND PROPRIETARY INFORMATION
   8:main.c        ****  * WHICH IS THE PROPERTY OF your company.
   9:main.c        ****  *
  10:main.c        ****  * ========================================
  11:main.c        **** */
  12:main.c        **** #include "project.h"
  13:main.c        **** #include "stdio.h"
  14:main.c        **** 
  15:main.c        **** #define TRANSMIT_BUFFER_SIZE 32
  16:main.c        **** #define NUMBER_OF_SENSORS_MASTER 6 
  17:main.c        **** #define NUM_PERIPH_BOARDS 1//NUMBER OF SENSORS ASSOCIATED WITH MASTER
  18:main.c        **** //#define NUMBER_OF_SENSORS 4 //TOTAL NUMBER OF ACTIVE SENSORS ACROSS ALL PERIPHERALS
  19:main.c        **** //#define NUM_BOARDS 2 //TOTAL NUMBER OF BOARDS (MASTER + PERIPHERALS) 
  20:main.c        **** #define NUMBER_OF_SENSE_PARAM NUMBER_OF_SENSORS_MASTER+(2*NUM_PERIPH_BOARDS)
  21:main.c        **** 
  22:main.c        **** #define NUMBER_OF_CAN_PARAM 3 //MAX, MIN, AVG
  23:main.c        **** 
  24:main.c        **** uint16 RX_DATA_P1[NUMBER_OF_CAN_PARAM];
  25:main.c        **** uint16 TX_DATA[NUMBER_OF_CAN_PARAM];
  26:main.c        **** uint8 TX_DATA8[NUMBER_OF_CAN_PARAM];
  27:main.c        **** //uint32 output;
  28:main.c        **** 
  29:main.c        **** uint16 max(uint16 arr[], int n)
  30:main.c        **** {
ARM GAS  C:\Users\UNIPRO~1\AppData\Local\Temp\ccAKWlaQ.s 			page 2


  28              		.loc 1 30 0
  29              		.cfi_startproc
  30              		@ args = 0, pretend = 0, frame = 0
  31              		@ frame_needed = 0, uses_anonymous_args = 0
  32              		@ link register save eliminated.
  33              	.LVL0:
  34 0000 10B4     		push	{r4}
  35              		.cfi_def_cfa_offset 4
  36              		.cfi_offset 4, -4
  37 0002 0446     		mov	r4, r0
  38              	.LVL1:
  31:main.c        ****     int i;
  32:main.c        ****     int max = 0;
  39              		.loc 1 32 0
  40 0004 0020     		movs	r0, #0
  41              	.LVL2:
  33:main.c        ****     
  34:main.c        ****     for (i = 0; i < n; i++)
  42              		.loc 1 34 0
  43 0006 0346     		mov	r3, r0
  44 0008 05E0     		b	.L2
  45              	.LVL3:
  46              	.L4:
  35:main.c        ****         if (arr[i] > max)
  47              		.loc 1 35 0
  48 000a 34F81320 		ldrh	r2, [r4, r3, lsl #1]
  49 000e 9042     		cmp	r0, r2
  50 0010 00DA     		bge	.L3
  36:main.c        ****         max = arr[i];
  51              		.loc 1 36 0
  52 0012 1046     		mov	r0, r2
  53              	.LVL4:
  54              	.L3:
  34:main.c        ****         if (arr[i] > max)
  55              		.loc 1 34 0 discriminator 2
  56 0014 0133     		adds	r3, r3, #1
  57              	.LVL5:
  58              	.L2:
  34:main.c        ****         if (arr[i] > max)
  59              		.loc 1 34 0 is_stmt 0 discriminator 1
  60 0016 8B42     		cmp	r3, r1
  61 0018 F7DB     		blt	.L4
  37:main.c        ****         
  38:main.c        ****      return max;
  39:main.c        **** }
  62              		.loc 1 39 0 is_stmt 1
  63 001a 10BC     		pop	{r4}
  64              		.cfi_restore 4
  65              		.cfi_def_cfa_offset 0
  66              	.LVL6:
  67 001c 7047     		bx	lr
  68              		.cfi_endproc
  69              	.LFE64:
  70              		.size	max, .-max
  71 001e 00BF     		.section	.text.min,"ax",%progbits
  72              		.align	2
  73              		.global	min
ARM GAS  C:\Users\UNIPRO~1\AppData\Local\Temp\ccAKWlaQ.s 			page 3


  74              		.thumb
  75              		.thumb_func
  76              		.type	min, %function
  77              	min:
  78              	.LFB65:
  40:main.c        **** 
  41:main.c        **** uint16 min(uint16 arr[], int n, int max)
  42:main.c        **** {
  79              		.loc 1 42 0
  80              		.cfi_startproc
  81              		@ args = 0, pretend = 0, frame = 0
  82              		@ frame_needed = 0, uses_anonymous_args = 0
  83              		@ link register save eliminated.
  84              	.LVL7:
  85 0000 10B4     		push	{r4}
  86              		.cfi_def_cfa_offset 4
  87              		.cfi_offset 4, -4
  88              	.LVL8:
  43:main.c        ****     int i;
  44:main.c        ****     int min = max; //Initialising
  45:main.c        ****     
  46:main.c        ****     for (i = 0; i < n; i++){
  89              		.loc 1 46 0
  90 0002 0023     		movs	r3, #0
  91 0004 06E0     		b	.L8
  92              	.LVL9:
  93              	.L10:
  47:main.c        ****         if ((arr[i] < min) && (arr[i] != 0)){
  94              		.loc 1 47 0
  95 0006 30F81340 		ldrh	r4, [r0, r3, lsl #1]
  96 000a A242     		cmp	r2, r4
  97 000c 01DD     		ble	.L9
  98              		.loc 1 47 0 is_stmt 0 discriminator 1
  99 000e 04B1     		cbz	r4, .L9
  48:main.c        ****             min = arr[i];}
 100              		.loc 1 48 0 is_stmt 1
 101 0010 2246     		mov	r2, r4
 102              	.LVL10:
 103              	.L9:
  46:main.c        ****         if ((arr[i] < min) && (arr[i] != 0)){
 104              		.loc 1 46 0 discriminator 2
 105 0012 0133     		adds	r3, r3, #1
 106              	.LVL11:
 107              	.L8:
  46:main.c        ****         if ((arr[i] < min) && (arr[i] != 0)){
 108              		.loc 1 46 0 is_stmt 0 discriminator 1
 109 0014 8B42     		cmp	r3, r1
 110 0016 F6DB     		blt	.L10
  49:main.c        ****     }
  50:main.c        ****         
  51:main.c        ****      return min;
  52:main.c        **** }
 111              		.loc 1 52 0 is_stmt 1
 112 0018 90B2     		uxth	r0, r2
 113              	.LVL12:
 114 001a 10BC     		pop	{r4}
 115              		.cfi_restore 4
ARM GAS  C:\Users\UNIPRO~1\AppData\Local\Temp\ccAKWlaQ.s 			page 4


 116              		.cfi_def_cfa_offset 0
 117 001c 7047     		bx	lr
 118              		.cfi_endproc
 119              	.LFE65:
 120              		.size	min, .-min
 121 001e 00BF     		.section	.text.avg,"ax",%progbits
 122              		.align	2
 123              		.global	avg
 124              		.thumb
 125              		.thumb_func
 126              		.type	avg, %function
 127              	avg:
 128              	.LFB66:
  53:main.c        **** 
  54:main.c        **** uint16 avg(uint16 arr[], int n, int max)
  55:main.c        **** {
 129              		.loc 1 55 0
 130              		.cfi_startproc
 131              		@ args = 0, pretend = 0, frame = 0
 132              		@ frame_needed = 0, uses_anonymous_args = 0
 133              		@ link register save eliminated.
 134              	.LVL13:
 135 0000 70B4     		push	{r4, r5, r6}
 136              		.cfi_def_cfa_offset 12
 137              		.cfi_offset 4, -12
 138              		.cfi_offset 5, -8
 139              		.cfi_offset 6, -4
 140              	.LVL14:
  56:main.c        ****     int i;
  57:main.c        ****     int sum = max; //Initialising
 141              		.loc 1 57 0
 142 0002 1546     		mov	r5, r2
  58:main.c        ****     int conn_sensors = 0;
 143              		.loc 1 58 0
 144 0004 0026     		movs	r6, #0
  59:main.c        ****     
  60:main.c        ****     for (i = 0; i < n; i++){
 145              		.loc 1 60 0
 146 0006 3346     		mov	r3, r6
 147 0008 05E0     		b	.L14
 148              	.LVL15:
 149              	.L16:
  61:main.c        ****         if (arr[i] != 0){
 150              		.loc 1 61 0
 151 000a 30F81340 		ldrh	r4, [r0, r3, lsl #1]
 152 000e 0CB1     		cbz	r4, .L15
  62:main.c        ****             sum = sum + arr[i];
 153              		.loc 1 62 0
 154 0010 2544     		add	r5, r5, r4
 155              	.LVL16:
  63:main.c        ****             conn_sensors = conn_sensors + 1;
 156              		.loc 1 63 0
 157 0012 0136     		adds	r6, r6, #1
 158              	.LVL17:
 159              	.L15:
  60:main.c        ****         if (arr[i] != 0){
 160              		.loc 1 60 0 discriminator 2
ARM GAS  C:\Users\UNIPRO~1\AppData\Local\Temp\ccAKWlaQ.s 			page 5


 161 0014 0133     		adds	r3, r3, #1
 162              	.LVL18:
 163              	.L14:
  60:main.c        ****         if (arr[i] != 0){
 164              		.loc 1 60 0 is_stmt 0 discriminator 1
 165 0016 8B42     		cmp	r3, r1
 166 0018 F7DB     		blt	.L16
  64:main.c        ****         }
  65:main.c        ****     }
  66:main.c        ****      return ((sum-max)/conn_sensors);
 167              		.loc 1 66 0 is_stmt 1
 168 001a AD1A     		subs	r5, r5, r2
 169              	.LVL19:
 170 001c 95FBF6F0 		sdiv	r0, r5, r6
 171              	.LVL20:
  67:main.c        **** }
 172              		.loc 1 67 0
 173 0020 80B2     		uxth	r0, r0
 174 0022 70BC     		pop	{r4, r5, r6}
 175              		.cfi_restore 6
 176              		.cfi_restore 5
 177              		.cfi_restore 4
 178              		.cfi_def_cfa_offset 0
 179              	.LVL21:
 180 0024 7047     		bx	lr
 181              		.cfi_endproc
 182              	.LFE66:
 183              		.size	avg, .-avg
 184 0026 00BF     		.section	.text.main,"ax",%progbits
 185              		.align	2
 186              		.global	main
 187              		.thumb
 188              		.thumb_func
 189              		.type	main, %function
 190              	main:
 191              	.LFB67:
  68:main.c        **** 
  69:main.c        **** int main(void)
  70:main.c        **** {
 192              		.loc 1 70 0
 193              		.cfi_startproc
 194              		@ args = 0, pretend = 0, frame = 48
 195              		@ frame_needed = 0, uses_anonymous_args = 0
 196 0000 F0B5     		push	{r4, r5, r6, r7, lr}
 197              		.cfi_def_cfa_offset 20
 198              		.cfi_offset 4, -20
 199              		.cfi_offset 5, -16
 200              		.cfi_offset 6, -12
 201              		.cfi_offset 7, -8
 202              		.cfi_offset 14, -4
 203 0002 8DB0     		sub	sp, sp, #52
 204              		.cfi_def_cfa_offset 72
  71:main.c        ****     CyGlobalIntEnable; /* Enable global interrupts. */
 205              		.loc 1 71 0
 206              		.syntax unified
 207              	@ 71 "main.c" 1
 208 0004 62B6     		CPSIE   i
ARM GAS  C:\Users\UNIPRO~1\AppData\Local\Temp\ccAKWlaQ.s 			page 6


 209              	@ 0 "" 2
  72:main.c        ****     char TransmitBuffer[TRANSMIT_BUFFER_SIZE];
  73:main.c        ****     /* Place your initialization/startup code here (e.g. MyInst_Start()) */
  74:main.c        ****     UART_1_Start();
 210              		.loc 1 74 0
 211              		.thumb
 212              		.syntax unified
 213 0006 FFF7FEFF 		bl	UART_1_Start
 214              	.LVL22:
  75:main.c        ****     ADC_DelSig_1_Start();
 215              		.loc 1 75 0
 216 000a FFF7FEFF 		bl	ADC_DelSig_1_Start
 217              	.LVL23:
  76:main.c        ****     AMux_1_Start();
 218              		.loc 1 76 0
 219 000e FFF7FEFF 		bl	AMux_1_Start
 220              	.LVL24:
  77:main.c        ****     CAN_1_Start();
 221              		.loc 1 77 0
 222 0012 FFF7FEFF 		bl	CAN_1_Start
 223              	.LVL25:
  78:main.c        ****     
  79:main.c        ****     ADC_DelSig_1_StartConvert();
 224              		.loc 1 79 0
 225 0016 FFF7FEFF 		bl	ADC_DelSig_1_StartConvert
 226              	.LVL26:
  80:main.c        ****     UART_1_PutString("COM Port Open");
 227              		.loc 1 80 0
 228 001a 5C48     		ldr	r0, .L25
 229 001c FFF7FEFF 		bl	UART_1_PutString
 230              	.LVL27:
 231              	.L23:
 232              	.LBB2:
  81:main.c        ****     
  82:main.c        ****     for(;;)
  83:main.c        ****     {   
  84:main.c        ****         /* Place your application code here. */
  85:main.c        ****         
  86:main.c        ****         uint16 datapin[NUMBER_OF_SENSE_PARAM];
  87:main.c        ****         
  88:main.c        ****         sprintf(TransmitBuffer, "####### NEW SAMPLES #######\r\n");
 233              		.loc 1 88 0
 234 0020 04AC     		add	r4, sp, #16
 235 0022 5B4D     		ldr	r5, .L25+4
 236 0024 0FCD     		ldmia	r5!, {r0, r1, r2, r3}
 237 0026 0FC4     		stmia	r4!, {r0, r1, r2, r3}
 238 0028 95E80F00 		ldmia	r5, {r0, r1, r2, r3}
 239 002c 07C4     		stmia	r4!, {r0, r1, r2}
 240 002e 2380     		strh	r3, [r4]	@ movhi
  89:main.c        ****         UART_1_PutString(TransmitBuffer);
 241              		.loc 1 89 0
 242 0030 04A8     		add	r0, sp, #16
 243 0032 FFF7FEFF 		bl	UART_1_PutString
 244              	.LVL28:
  90:main.c        ****         CyDelay(100);
 245              		.loc 1 90 0
 246 0036 6420     		movs	r0, #100
ARM GAS  C:\Users\UNIPRO~1\AppData\Local\Temp\ccAKWlaQ.s 			page 7


 247 0038 FFF7FEFF 		bl	CyDelay
 248              	.LVL29:
  91:main.c        ****         
  92:main.c        ****         //Get samples from master first
  93:main.c        ****         int i;
  94:main.c        ****         
  95:main.c        ****         for (i = 0; i < NUMBER_OF_SENSORS_MASTER; i++){
 249              		.loc 1 95 0
 250 003c 0024     		movs	r4, #0
 251 003e 2CE0     		b	.L19
 252              	.LVL30:
 253              	.L22:
  96:main.c        ****         AMux_1_Select(i);
 254              		.loc 1 96 0
 255 0040 E0B2     		uxtb	r0, r4
 256 0042 FFF7FEFF 		bl	AMux_1_FastSelect
 257              	.LVL31:
  97:main.c        ****         if(ADC_DelSig_1_IsEndConversion(ADC_DelSig_1_RETURN_STATUS))
 258              		.loc 1 97 0
 259 0046 0120     		movs	r0, #1
 260 0048 FFF7FEFF 		bl	ADC_DelSig_1_IsEndConversion
 261              	.LVL32:
 262 004c 08B3     		cbz	r0, .L20
  98:main.c        ****         {
  99:main.c        ****         //ADC_DelSig_1_SetGain(51);
 100:main.c        ****             datapin[i]=  ADC_DelSig_1_CountsTo_mVolts(ADC_DelSig_1_GetResult16());
 263              		.loc 1 100 0
 264 004e FFF7FEFF 		bl	ADC_DelSig_1_GetResult16
 265              	.LVL33:
 266 0052 FFF7FEFF 		bl	ADC_DelSig_1_CountsTo_mVolts
 267              	.LVL34:
 268 0056 82B2     		uxth	r2, r0
 269 0058 0CAB     		add	r3, sp, #48
 270 005a 03EB4403 		add	r3, r3, r4, lsl #1
 271 005e 23F8302C 		strh	r2, [r3, #-48]	@ movhi
 101:main.c        ****             if (datapin[i] < 100){ //Some tolerance for Grounded Voltage (100mV) for 'Disconnected 
 272              		.loc 1 101 0
 273 0062 632A     		cmp	r2, #99
 274 0064 0ED8     		bhi	.L21
 102:main.c        ****                 datapin[i] = 0;
 275              		.loc 1 102 0
 276 0066 0022     		movs	r2, #0
 277 0068 0CAB     		add	r3, sp, #48
 278 006a 03EB4403 		add	r3, r3, r4, lsl #1
 279 006e 23F8302C 		strh	r2, [r3, #-48]	@ movhi
 103:main.c        ****                 sprintf(TransmitBuffer, "Pin DC\r\n");
 280              		.loc 1 103 0
 281 0072 484A     		ldr	r2, .L25+8
 282 0074 04AB     		add	r3, sp, #16
 283 0076 07CA     		ldmia	r2, {r0, r1, r2}
 284 0078 03C3     		stmia	r3!, {r0, r1}
 285 007a 1A70     		strb	r2, [r3]
 104:main.c        ****                 UART_1_PutString(TransmitBuffer);
 286              		.loc 1 104 0
 287 007c 04A8     		add	r0, sp, #16
 288 007e FFF7FEFF 		bl	UART_1_PutString
 289              	.LVL35:
ARM GAS  C:\Users\UNIPRO~1\AppData\Local\Temp\ccAKWlaQ.s 			page 8


 290 0082 06E0     		b	.L20
 291              	.L21:
 105:main.c        ****             }
 106:main.c        ****             else{   
 107:main.c        ****         //output = ADC_DelSig_1_CountsTo_mVolts(ADC_DelSig_1_GetResult8());
 108:main.c        ****             sprintf(TransmitBuffer, "Sample: %d mV\r\n", datapin[i]);
 292              		.loc 1 108 0
 293 0084 4449     		ldr	r1, .L25+12
 294 0086 04A8     		add	r0, sp, #16
 295 0088 FFF7FEFF 		bl	sprintf
 296              	.LVL36:
 109:main.c        ****             UART_1_PutString(TransmitBuffer);
 297              		.loc 1 109 0
 298 008c 04A8     		add	r0, sp, #16
 299 008e FFF7FEFF 		bl	UART_1_PutString
 300              	.LVL37:
 301              	.L20:
 110:main.c        ****             }
 111:main.c        ****         }
 112:main.c        ****         
 113:main.c        ****         CyDelay(100);
 302              		.loc 1 113 0 discriminator 2
 303 0092 6420     		movs	r0, #100
 304 0094 FFF7FEFF 		bl	CyDelay
 305              	.LVL38:
  95:main.c        ****         AMux_1_Select(i);
 306              		.loc 1 95 0 discriminator 2
 307 0098 0134     		adds	r4, r4, #1
 308              	.LVL39:
 309              	.L19:
  95:main.c        ****         AMux_1_Select(i);
 310              		.loc 1 95 0 is_stmt 0 discriminator 1
 311 009a 052C     		cmp	r4, #5
 312 009c D0DD     		ble	.L22
 114:main.c        ****         }
 115:main.c        ****         
 116:main.c        ****         //Print what you got from the peripherals
 117:main.c        ****         sprintf(TransmitBuffer, "\nPERIPHERAL 1 MAX: %d mV\r\n", RX_DATA_P1[0]);
 313              		.loc 1 117 0 is_stmt 1
 314 009e 3F4E     		ldr	r6, .L25+16
 315 00a0 3288     		ldrh	r2, [r6]
 316 00a2 3F49     		ldr	r1, .L25+20
 317 00a4 04A8     		add	r0, sp, #16
 318 00a6 FFF7FEFF 		bl	sprintf
 319              	.LVL40:
 118:main.c        ****         UART_1_PutString(TransmitBuffer);
 320              		.loc 1 118 0
 321 00aa 04A8     		add	r0, sp, #16
 322 00ac FFF7FEFF 		bl	UART_1_PutString
 323              	.LVL41:
 119:main.c        ****         sprintf(TransmitBuffer, "PERIPHERAL 1 MIN: %d mV\r\n", RX_DATA_P1[1]);
 324              		.loc 1 119 0
 325 00b0 7288     		ldrh	r2, [r6, #2]
 326 00b2 3C49     		ldr	r1, .L25+24
 327 00b4 04A8     		add	r0, sp, #16
 328 00b6 FFF7FEFF 		bl	sprintf
 329              	.LVL42:
ARM GAS  C:\Users\UNIPRO~1\AppData\Local\Temp\ccAKWlaQ.s 			page 9


 120:main.c        ****         UART_1_PutString(TransmitBuffer);
 330              		.loc 1 120 0
 331 00ba 04A8     		add	r0, sp, #16
 332 00bc FFF7FEFF 		bl	UART_1_PutString
 333              	.LVL43:
 121:main.c        ****         sprintf(TransmitBuffer, "PERIPHERAL 1 AVG: %d mV\r\n\n", RX_DATA_P1[2]);
 334              		.loc 1 121 0
 335 00c0 B288     		ldrh	r2, [r6, #4]
 336 00c2 3949     		ldr	r1, .L25+28
 337 00c4 04A8     		add	r0, sp, #16
 338 00c6 FFF7FEFF 		bl	sprintf
 339              	.LVL44:
 122:main.c        ****         UART_1_PutString(TransmitBuffer);
 340              		.loc 1 122 0
 341 00ca 04A8     		add	r0, sp, #16
 342 00cc FFF7FEFF 		bl	UART_1_PutString
 343              	.LVL45:
 123:main.c        ****         
 124:main.c        ****         CyDelay(100);
 344              		.loc 1 124 0
 345 00d0 6420     		movs	r0, #100
 346 00d2 FFF7FEFF 		bl	CyDelay
 347              	.LVL46:
 125:main.c        ****         
 126:main.c        ****         datapin[NUMBER_OF_SENSORS_MASTER] = RX_DATA_P1[0]; //Add Max of Peripheral to datapin array
 348              		.loc 1 126 0
 349 00d6 3388     		ldrh	r3, [r6]
 350 00d8 ADF80C30 		strh	r3, [sp, #12]	@ movhi
 127:main.c        ****         datapin[NUMBER_OF_SENSORS_MASTER+1] = RX_DATA_P1[1]; //Add Min of Peripheral to datapin arr
 351              		.loc 1 127 0
 352 00dc 7388     		ldrh	r3, [r6, #2]
 353 00de ADF80E30 		strh	r3, [sp, #14]	@ movhi
 128:main.c        ****         
 129:main.c        ****         TX_DATA[0] = (max(datapin, NUMBER_OF_SENSE_PARAM)); //Use max function to find max of every
 354              		.loc 1 129 0
 355 00e2 0821     		movs	r1, #8
 356 00e4 6846     		mov	r0, sp
 357 00e6 FFF7FEFF 		bl	max
 358              	.LVL47:
 359 00ea 0446     		mov	r4, r0
 360              	.LVL48:
 361 00ec 2F4F     		ldr	r7, .L25+32
 362 00ee 3880     		strh	r0, [r7]	@ movhi
 130:main.c        ****         TX_DATA[1] = (min(datapin, NUMBER_OF_SENSE_PARAM, TX_DATA[0])); //Use min
 363              		.loc 1 130 0
 364 00f0 0246     		mov	r2, r0
 365 00f2 0821     		movs	r1, #8
 366 00f4 6846     		mov	r0, sp
 367 00f6 FFF7FEFF 		bl	min
 368              	.LVL49:
 369 00fa 0546     		mov	r5, r0
 370 00fc 7880     		strh	r0, [r7, #2]	@ movhi
 131:main.c        ****         TX_DATA[2] = (avg(datapin, NUMBER_OF_SENSE_PARAM, TX_DATA[0]) + RX_DATA_P1[2])/(NUM_PERIPH_
 371              		.loc 1 131 0
 372 00fe 2246     		mov	r2, r4
 373 0100 0821     		movs	r1, #8
 374 0102 6846     		mov	r0, sp
ARM GAS  C:\Users\UNIPRO~1\AppData\Local\Temp\ccAKWlaQ.s 			page 10


 375 0104 FFF7FEFF 		bl	avg
 376              	.LVL50:
 377 0108 B388     		ldrh	r3, [r6, #4]
 378 010a 1844     		add	r0, r0, r3
 379 010c 00EBD070 		add	r0, r0, r0, lsr #31
 380 0110 C0F34F03 		ubfx	r3, r0, #1, #16
 381 0114 BB80     		strh	r3, [r7, #4]	@ movhi
 132:main.c        ****         
 133:main.c        ****         TX_DATA8[0] = (int)(TX_DATA[0]/100);
 382              		.loc 1 133 0
 383 0116 2649     		ldr	r1, .L25+36
 384 0118 A1FB0402 		umull	r0, r2, r1, r4
 385 011c C2F34712 		ubfx	r2, r2, #5, #8
 386 0120 244C     		ldr	r4, .L25+40
 387 0122 2270     		strb	r2, [r4]
 134:main.c        ****         TX_DATA8[1] = (int)(TX_DATA[1]/100);
 388              		.loc 1 134 0
 389 0124 A1FB0505 		umull	r0, r5, r1, r5
 390 0128 6D09     		lsrs	r5, r5, #5
 391 012a 6570     		strb	r5, [r4, #1]
 135:main.c        ****         TX_DATA8[2] = (int)(TX_DATA[2]/100);
 392              		.loc 1 135 0
 393 012c A1FB0313 		umull	r1, r3, r1, r3
 394 0130 5B09     		lsrs	r3, r3, #5
 395 0132 A370     		strb	r3, [r4, #2]
 136:main.c        ****         
 137:main.c        ****         //Simulate transmission to Orion
 138:main.c        ****         sprintf(TransmitBuffer, "(ORION BMS) MAX: %d C\r\n", TX_DATA8[0]);
 396              		.loc 1 138 0
 397 0134 2049     		ldr	r1, .L25+44
 398 0136 04A8     		add	r0, sp, #16
 399 0138 FFF7FEFF 		bl	sprintf
 400              	.LVL51:
 139:main.c        ****         UART_1_PutString(TransmitBuffer);
 401              		.loc 1 139 0
 402 013c 04A8     		add	r0, sp, #16
 403 013e FFF7FEFF 		bl	UART_1_PutString
 404              	.LVL52:
 140:main.c        ****         CyDelay(100);
 405              		.loc 1 140 0
 406 0142 6420     		movs	r0, #100
 407 0144 FFF7FEFF 		bl	CyDelay
 408              	.LVL53:
 141:main.c        ****         sprintf(TransmitBuffer, "(ORION BMS) MIN: %d C\r\n", TX_DATA8[1]);
 409              		.loc 1 141 0
 410 0148 6278     		ldrb	r2, [r4, #1]	@ zero_extendqisi2
 411 014a 1C49     		ldr	r1, .L25+48
 412 014c 04A8     		add	r0, sp, #16
 413 014e FFF7FEFF 		bl	sprintf
 414              	.LVL54:
 142:main.c        ****         UART_1_PutString(TransmitBuffer);
 415              		.loc 1 142 0
 416 0152 04A8     		add	r0, sp, #16
 417 0154 FFF7FEFF 		bl	UART_1_PutString
 418              	.LVL55:
 143:main.c        ****         CyDelay(100);
 419              		.loc 1 143 0
ARM GAS  C:\Users\UNIPRO~1\AppData\Local\Temp\ccAKWlaQ.s 			page 11


 420 0158 6420     		movs	r0, #100
 421 015a FFF7FEFF 		bl	CyDelay
 422              	.LVL56:
 144:main.c        ****         sprintf(TransmitBuffer, "(ORION BMS) AVG: %d C\r\n\n", TX_DATA8[2]);
 423              		.loc 1 144 0
 424 015e A278     		ldrb	r2, [r4, #2]	@ zero_extendqisi2
 425 0160 1749     		ldr	r1, .L25+52
 426 0162 04A8     		add	r0, sp, #16
 427 0164 FFF7FEFF 		bl	sprintf
 428              	.LVL57:
 145:main.c        ****         UART_1_PutString(TransmitBuffer);
 429              		.loc 1 145 0
 430 0168 04A8     		add	r0, sp, #16
 431 016a FFF7FEFF 		bl	UART_1_PutString
 432              	.LVL58:
 146:main.c        ****         CyDelay(100);
 433              		.loc 1 146 0
 434 016e 6420     		movs	r0, #100
 435 0170 FFF7FEFF 		bl	CyDelay
 436              	.LVL59:
 147:main.c        ****         
 148:main.c        ****         CAN_1_SendMsg0();
 437              		.loc 1 148 0
 438 0174 FFF7FEFF 		bl	CAN_1_SendMsg0
 439              	.LVL60:
 149:main.c        ****         CyDelay(100);
 440              		.loc 1 149 0
 441 0178 6420     		movs	r0, #100
 442 017a FFF7FEFF 		bl	CyDelay
 443              	.LVL61:
 150:main.c        ****         CAN_1_SendMsg1();
 444              		.loc 1 150 0
 445 017e FFF7FEFF 		bl	CAN_1_SendMsg1
 446              	.LVL62:
 151:main.c        ****         CyDelay(100);
 447              		.loc 1 151 0
 448 0182 6420     		movs	r0, #100
 449 0184 FFF7FEFF 		bl	CyDelay
 450              	.LVL63:
 451              	.LBE2:
 152:main.c        ****     }
 452              		.loc 1 152 0
 453 0188 4AE7     		b	.L23
 454              	.L26:
 455 018a 00BF     		.align	2
 456              	.L25:
 457 018c 00000000 		.word	.LC0
 458 0190 10000000 		.word	.LC1
 459 0194 30000000 		.word	.LC2
 460 0198 3C000000 		.word	.LC3
 461 019c 00000000 		.word	RX_DATA_P1
 462 01a0 4C000000 		.word	.LC4
 463 01a4 68000000 		.word	.LC5
 464 01a8 84000000 		.word	.LC6
 465 01ac 00000000 		.word	TX_DATA
 466 01b0 1F85EB51 		.word	1374389535
 467 01b4 00000000 		.word	TX_DATA8
ARM GAS  C:\Users\UNIPRO~1\AppData\Local\Temp\ccAKWlaQ.s 			page 12


 468 01b8 A0000000 		.word	.LC7
 469 01bc B8000000 		.word	.LC8
 470 01c0 D0000000 		.word	.LC9
 471              		.cfi_endproc
 472              	.LFE67:
 473              		.size	main, .-main
 474              		.comm	TX_DATA8,3,4
 475              		.comm	TX_DATA,6,4
 476              		.comm	RX_DATA_P1,6,4
 477              		.section	.rodata.str1.4,"aMS",%progbits,1
 478              		.align	2
 479              	.LC0:
 480 0000 434F4D20 		.ascii	"COM Port Open\000"
 480      506F7274 
 480      204F7065 
 480      6E00
 481 000e 0000     		.space	2
 482              	.LC1:
 483 0010 23232323 		.ascii	"####### NEW SAMPLES #######\015\012\000"
 483      23232320 
 483      4E455720 
 483      53414D50 
 483      4C455320 
 484 002e 0000     		.space	2
 485              	.LC2:
 486 0030 50696E20 		.ascii	"Pin DC\015\012\000"
 486      44430D0A 
 486      00
 487 0039 000000   		.space	3
 488              	.LC3:
 489 003c 53616D70 		.ascii	"Sample: %d mV\015\012\000"
 489      6C653A20 
 489      2564206D 
 489      560D0A00 
 490              	.LC4:
 491 004c 0A504552 		.ascii	"\012PERIPHERAL 1 MAX: %d mV\015\012\000"
 491      49504845 
 491      52414C20 
 491      31204D41 
 491      583A2025 
 492 0067 00       		.space	1
 493              	.LC5:
 494 0068 50455249 		.ascii	"PERIPHERAL 1 MIN: %d mV\015\012\000"
 494      50484552 
 494      414C2031 
 494      204D494E 
 494      3A202564 
 495 0082 0000     		.space	2
 496              	.LC6:
 497 0084 50455249 		.ascii	"PERIPHERAL 1 AVG: %d mV\015\012\012\000"
 497      50484552 
 497      414C2031 
 497      20415647 
 497      3A202564 
 498 009f 00       		.space	1
 499              	.LC7:
 500 00a0 284F5249 		.ascii	"(ORION BMS) MAX: %d C\015\012\000"
ARM GAS  C:\Users\UNIPRO~1\AppData\Local\Temp\ccAKWlaQ.s 			page 13


 500      4F4E2042 
 500      4D532920 
 500      4D41583A 
 500      20256420 
 501              	.LC8:
 502 00b8 284F5249 		.ascii	"(ORION BMS) MIN: %d C\015\012\000"
 502      4F4E2042 
 502      4D532920 
 502      4D494E3A 
 502      20256420 
 503              	.LC9:
 504 00d0 284F5249 		.ascii	"(ORION BMS) AVG: %d C\015\012\012\000"
 504      4F4E2042 
 504      4D532920 
 504      4156473A 
 504      20256420 
 505              		.text
 506              	.Letext0:
 507              		.file 2 "c:\\program files (x86)\\cypress\\psoc creator\\4.4\\psoc creator\\import\\gnu\\arm\\5.4.
 508              		.file 3 "c:\\program files (x86)\\cypress\\psoc creator\\4.4\\psoc creator\\import\\gnu\\arm\\5.4.
 509              		.file 4 "Generated_Source\\PSoC5/cytypes.h"
 510              		.file 5 "Generated_Source\\PSoC5/core_cm3.h"
 511              		.file 6 "Generated_Source\\PSoC5/UART_1.h"
 512              		.file 7 "Generated_Source\\PSoC5/CyLib.h"
 513              		.file 8 "Generated_Source\\PSoC5/AMux_1.h"
 514              		.file 9 "Generated_Source\\PSoC5/ADC_DelSig_1.h"
 515              		.file 10 "c:\\program files (x86)\\cypress\\psoc creator\\4.4\\psoc creator\\import\\gnu\\arm\\5.4
 516              		.file 11 "Generated_Source\\PSoC5/CAN_1.h"
 517              		.section	.debug_info,"",%progbits
 518              	.Ldebug_info0:
 519 0000 47060000 		.4byte	0x647
 520 0004 0400     		.2byte	0x4
 521 0006 00000000 		.4byte	.Ldebug_abbrev0
 522 000a 04       		.byte	0x4
 523 000b 01       		.uleb128 0x1
 524 000c 65000000 		.4byte	.LASF39
 525 0010 0C       		.byte	0xc
 526 0011 17020000 		.4byte	.LASF40
 527 0015 23020000 		.4byte	.LASF41
 528 0019 00000000 		.4byte	.Ldebug_ranges0+0
 529 001d 00000000 		.4byte	0
 530 0021 00000000 		.4byte	.Ldebug_line0
 531 0025 02       		.uleb128 0x2
 532 0026 01       		.byte	0x1
 533 0027 06       		.byte	0x6
 534 0028 BF020000 		.4byte	.LASF0
 535 002c 02       		.uleb128 0x2
 536 002d 01       		.byte	0x1
 537 002e 08       		.byte	0x8
 538 002f 57000000 		.4byte	.LASF1
 539 0033 02       		.uleb128 0x2
 540 0034 02       		.byte	0x2
 541 0035 05       		.byte	0x5
 542 0036 3A000000 		.4byte	.LASF2
 543 003a 02       		.uleb128 0x2
 544 003b 02       		.byte	0x2
 545 003c 07       		.byte	0x7
ARM GAS  C:\Users\UNIPRO~1\AppData\Local\Temp\ccAKWlaQ.s 			page 14


 546 003d 05010000 		.4byte	.LASF3
 547 0041 03       		.uleb128 0x3
 548 0042 30000000 		.4byte	.LASF9
 549 0046 02       		.byte	0x2
 550 0047 3F       		.byte	0x3f
 551 0048 4C000000 		.4byte	0x4c
 552 004c 02       		.uleb128 0x2
 553 004d 04       		.byte	0x4
 554 004e 05       		.byte	0x5
 555 004f 84020000 		.4byte	.LASF4
 556 0053 02       		.uleb128 0x2
 557 0054 04       		.byte	0x4
 558 0055 07       		.byte	0x7
 559 0056 2D010000 		.4byte	.LASF5
 560 005a 02       		.uleb128 0x2
 561 005b 08       		.byte	0x8
 562 005c 05       		.byte	0x5
 563 005d 00000000 		.4byte	.LASF6
 564 0061 02       		.uleb128 0x2
 565 0062 08       		.byte	0x8
 566 0063 07       		.byte	0x7
 567 0064 CA010000 		.4byte	.LASF7
 568 0068 04       		.uleb128 0x4
 569 0069 04       		.byte	0x4
 570 006a 05       		.byte	0x5
 571 006b 696E7400 		.ascii	"int\000"
 572 006f 02       		.uleb128 0x2
 573 0070 04       		.byte	0x4
 574 0071 07       		.byte	0x7
 575 0072 A0010000 		.4byte	.LASF8
 576 0076 03       		.uleb128 0x3
 577 0077 EA010000 		.4byte	.LASF10
 578 007b 03       		.byte	0x3
 579 007c 2C       		.byte	0x2c
 580 007d 41000000 		.4byte	0x41
 581 0081 05       		.uleb128 0x5
 582 0082 51000000 		.4byte	.LASF11
 583 0086 04       		.byte	0x4
 584 0087 E801     		.2byte	0x1e8
 585 0089 2C000000 		.4byte	0x2c
 586 008d 05       		.uleb128 0x5
 587 008e 68010000 		.4byte	.LASF12
 588 0092 04       		.byte	0x4
 589 0093 E901     		.2byte	0x1e9
 590 0095 3A000000 		.4byte	0x3a
 591 0099 02       		.uleb128 0x2
 592 009a 04       		.byte	0x4
 593 009b 04       		.byte	0x4
 594 009c 4B000000 		.4byte	.LASF13
 595 00a0 02       		.uleb128 0x2
 596 00a1 08       		.byte	0x8
 597 00a2 04       		.byte	0x4
 598 00a3 44000000 		.4byte	.LASF14
 599 00a7 02       		.uleb128 0x2
 600 00a8 01       		.byte	0x1
 601 00a9 08       		.byte	0x8
 602 00aa 1E020000 		.4byte	.LASF15
ARM GAS  C:\Users\UNIPRO~1\AppData\Local\Temp\ccAKWlaQ.s 			page 15


 603 00ae 02       		.uleb128 0x2
 604 00af 08       		.byte	0x8
 605 00b0 04       		.byte	0x4
 606 00b1 A7020000 		.4byte	.LASF16
 607 00b5 02       		.uleb128 0x2
 608 00b6 04       		.byte	0x4
 609 00b7 07       		.byte	0x7
 610 00b8 01020000 		.4byte	.LASF17
 611 00bc 06       		.uleb128 0x6
 612 00bd 6D617800 		.ascii	"max\000"
 613 00c1 01       		.byte	0x1
 614 00c2 1D       		.byte	0x1d
 615 00c3 8D000000 		.4byte	0x8d
 616 00c7 00000000 		.4byte	.LFB64
 617 00cb 1E000000 		.4byte	.LFE64-.LFB64
 618 00cf 01       		.uleb128 0x1
 619 00d0 9C       		.byte	0x9c
 620 00d1 0C010000 		.4byte	0x10c
 621 00d5 07       		.uleb128 0x7
 622 00d6 61727200 		.ascii	"arr\000"
 623 00da 01       		.byte	0x1
 624 00db 1D       		.byte	0x1d
 625 00dc 0C010000 		.4byte	0x10c
 626 00e0 00000000 		.4byte	.LLST0
 627 00e4 08       		.uleb128 0x8
 628 00e5 6E00     		.ascii	"n\000"
 629 00e7 01       		.byte	0x1
 630 00e8 1D       		.byte	0x1d
 631 00e9 68000000 		.4byte	0x68
 632 00ed 01       		.uleb128 0x1
 633 00ee 51       		.byte	0x51
 634 00ef 09       		.uleb128 0x9
 635 00f0 6900     		.ascii	"i\000"
 636 00f2 01       		.byte	0x1
 637 00f3 1F       		.byte	0x1f
 638 00f4 68000000 		.4byte	0x68
 639 00f8 2C000000 		.4byte	.LLST1
 640 00fc 09       		.uleb128 0x9
 641 00fd 6D617800 		.ascii	"max\000"
 642 0101 01       		.byte	0x1
 643 0102 20       		.byte	0x20
 644 0103 68000000 		.4byte	0x68
 645 0107 4B000000 		.4byte	.LLST2
 646 010b 00       		.byte	0
 647 010c 0A       		.uleb128 0xa
 648 010d 04       		.byte	0x4
 649 010e 8D000000 		.4byte	0x8d
 650 0112 06       		.uleb128 0x6
 651 0113 6D696E00 		.ascii	"min\000"
 652 0117 01       		.byte	0x1
 653 0118 29       		.byte	0x29
 654 0119 8D000000 		.4byte	0x8d
 655 011d 00000000 		.4byte	.LFB65
 656 0121 1E000000 		.4byte	.LFE65-.LFB65
 657 0125 01       		.uleb128 0x1
 658 0126 9C       		.byte	0x9c
 659 0127 6F010000 		.4byte	0x16f
ARM GAS  C:\Users\UNIPRO~1\AppData\Local\Temp\ccAKWlaQ.s 			page 16


 660 012b 07       		.uleb128 0x7
 661 012c 61727200 		.ascii	"arr\000"
 662 0130 01       		.byte	0x1
 663 0131 29       		.byte	0x29
 664 0132 0C010000 		.4byte	0x10c
 665 0136 6A000000 		.4byte	.LLST3
 666 013a 08       		.uleb128 0x8
 667 013b 6E00     		.ascii	"n\000"
 668 013d 01       		.byte	0x1
 669 013e 29       		.byte	0x29
 670 013f 68000000 		.4byte	0x68
 671 0143 01       		.uleb128 0x1
 672 0144 51       		.byte	0x51
 673 0145 07       		.uleb128 0x7
 674 0146 6D617800 		.ascii	"max\000"
 675 014a 01       		.byte	0x1
 676 014b 29       		.byte	0x29
 677 014c 68000000 		.4byte	0x68
 678 0150 8B000000 		.4byte	.LLST4
 679 0154 09       		.uleb128 0x9
 680 0155 6900     		.ascii	"i\000"
 681 0157 01       		.byte	0x1
 682 0158 2B       		.byte	0x2b
 683 0159 68000000 		.4byte	0x68
 684 015d AC000000 		.4byte	.LLST5
 685 0161 0B       		.uleb128 0xb
 686 0162 6D696E00 		.ascii	"min\000"
 687 0166 01       		.byte	0x1
 688 0167 2C       		.byte	0x2c
 689 0168 68000000 		.4byte	0x68
 690 016c 01       		.uleb128 0x1
 691 016d 52       		.byte	0x52
 692 016e 00       		.byte	0
 693 016f 06       		.uleb128 0x6
 694 0170 61766700 		.ascii	"avg\000"
 695 0174 01       		.byte	0x1
 696 0175 36       		.byte	0x36
 697 0176 8D000000 		.4byte	0x8d
 698 017a 00000000 		.4byte	.LFB66
 699 017e 26000000 		.4byte	.LFE66-.LFB66
 700 0182 01       		.uleb128 0x1
 701 0183 9C       		.byte	0x9c
 702 0184 DB010000 		.4byte	0x1db
 703 0188 07       		.uleb128 0x7
 704 0189 61727200 		.ascii	"arr\000"
 705 018d 01       		.byte	0x1
 706 018e 36       		.byte	0x36
 707 018f 0C010000 		.4byte	0x10c
 708 0193 CB000000 		.4byte	.LLST6
 709 0197 08       		.uleb128 0x8
 710 0198 6E00     		.ascii	"n\000"
 711 019a 01       		.byte	0x1
 712 019b 36       		.byte	0x36
 713 019c 68000000 		.4byte	0x68
 714 01a0 01       		.uleb128 0x1
 715 01a1 51       		.byte	0x51
 716 01a2 08       		.uleb128 0x8
ARM GAS  C:\Users\UNIPRO~1\AppData\Local\Temp\ccAKWlaQ.s 			page 17


 717 01a3 6D617800 		.ascii	"max\000"
 718 01a7 01       		.byte	0x1
 719 01a8 36       		.byte	0x36
 720 01a9 68000000 		.4byte	0x68
 721 01ad 01       		.uleb128 0x1
 722 01ae 52       		.byte	0x52
 723 01af 09       		.uleb128 0x9
 724 01b0 6900     		.ascii	"i\000"
 725 01b2 01       		.byte	0x1
 726 01b3 38       		.byte	0x38
 727 01b4 68000000 		.4byte	0x68
 728 01b8 EC000000 		.4byte	.LLST7
 729 01bc 09       		.uleb128 0x9
 730 01bd 73756D00 		.ascii	"sum\000"
 731 01c1 01       		.byte	0x1
 732 01c2 39       		.byte	0x39
 733 01c3 68000000 		.4byte	0x68
 734 01c7 0B010000 		.4byte	.LLST8
 735 01cb 0C       		.uleb128 0xc
 736 01cc 23000000 		.4byte	.LASF18
 737 01d0 01       		.byte	0x1
 738 01d1 3A       		.byte	0x3a
 739 01d2 68000000 		.4byte	0x68
 740 01d6 29010000 		.4byte	.LLST9
 741 01da 00       		.byte	0
 742 01db 0D       		.uleb128 0xd
 743 01dc 6F010000 		.4byte	.LASF42
 744 01e0 01       		.byte	0x1
 745 01e1 45       		.byte	0x45
 746 01e2 68000000 		.4byte	0x68
 747 01e6 00000000 		.4byte	.LFB67
 748 01ea C4010000 		.4byte	.LFE67-.LFB67
 749 01ee 01       		.uleb128 0x1
 750 01ef 9C       		.byte	0x9c
 751 01f0 2A050000 		.4byte	0x52a
 752 01f4 0E       		.uleb128 0xe
 753 01f5 F2010000 		.4byte	.LASF19
 754 01f9 01       		.byte	0x1
 755 01fa 48       		.byte	0x48
 756 01fb 2A050000 		.4byte	0x52a
 757 01ff 02       		.uleb128 0x2
 758 0200 91       		.byte	0x91
 759 0201 48       		.sleb128 -56
 760 0202 0F       		.uleb128 0xf
 761 0203 20000000 		.4byte	.LBB2
 762 0207 68010000 		.4byte	.LBE2-.LBB2
 763 020b E9040000 		.4byte	0x4e9
 764 020f 0E       		.uleb128 0xe
 765 0210 0E000000 		.4byte	.LASF20
 766 0214 01       		.byte	0x1
 767 0215 56       		.byte	0x56
 768 0216 3A050000 		.4byte	0x53a
 769 021a 03       		.uleb128 0x3
 770 021b 91       		.byte	0x91
 771 021c B87F     		.sleb128 -72
 772 021e 09       		.uleb128 0x9
 773 021f 6900     		.ascii	"i\000"
ARM GAS  C:\Users\UNIPRO~1\AppData\Local\Temp\ccAKWlaQ.s 			page 18


 774 0221 01       		.byte	0x1
 775 0222 5D       		.byte	0x5d
 776 0223 68000000 		.4byte	0x68
 777 0227 48010000 		.4byte	.LLST10
 778 022b 10       		.uleb128 0x10
 779 022c 36000000 		.4byte	.LVL28
 780 0230 AE050000 		.4byte	0x5ae
 781 0234 3F020000 		.4byte	0x23f
 782 0238 11       		.uleb128 0x11
 783 0239 01       		.uleb128 0x1
 784 023a 50       		.byte	0x50
 785 023b 02       		.uleb128 0x2
 786 023c 74       		.byte	0x74
 787 023d 64       		.sleb128 -28
 788 023e 00       		.byte	0
 789 023f 10       		.uleb128 0x10
 790 0240 3C000000 		.4byte	.LVL29
 791 0244 B9050000 		.4byte	0x5b9
 792 0248 53020000 		.4byte	0x253
 793 024c 11       		.uleb128 0x11
 794 024d 01       		.uleb128 0x1
 795 024e 50       		.byte	0x50
 796 024f 02       		.uleb128 0x2
 797 0250 08       		.byte	0x8
 798 0251 64       		.byte	0x64
 799 0252 00       		.byte	0
 800 0253 10       		.uleb128 0x10
 801 0254 46000000 		.4byte	.LVL31
 802 0258 C4050000 		.4byte	0x5c4
 803 025c 67020000 		.4byte	0x267
 804 0260 11       		.uleb128 0x11
 805 0261 01       		.uleb128 0x1
 806 0262 50       		.byte	0x50
 807 0263 02       		.uleb128 0x2
 808 0264 74       		.byte	0x74
 809 0265 00       		.sleb128 0
 810 0266 00       		.byte	0
 811 0267 10       		.uleb128 0x10
 812 0268 4C000000 		.4byte	.LVL32
 813 026c CF050000 		.4byte	0x5cf
 814 0270 7A020000 		.4byte	0x27a
 815 0274 11       		.uleb128 0x11
 816 0275 01       		.uleb128 0x1
 817 0276 50       		.byte	0x50
 818 0277 01       		.uleb128 0x1
 819 0278 31       		.byte	0x31
 820 0279 00       		.byte	0
 821 027a 12       		.uleb128 0x12
 822 027b 52000000 		.4byte	.LVL33
 823 027f DA050000 		.4byte	0x5da
 824 0283 12       		.uleb128 0x12
 825 0284 56000000 		.4byte	.LVL34
 826 0288 E5050000 		.4byte	0x5e5
 827 028c 10       		.uleb128 0x10
 828 028d 82000000 		.4byte	.LVL35
 829 0291 AE050000 		.4byte	0x5ae
 830 0295 A0020000 		.4byte	0x2a0
ARM GAS  C:\Users\UNIPRO~1\AppData\Local\Temp\ccAKWlaQ.s 			page 19


 831 0299 11       		.uleb128 0x11
 832 029a 01       		.uleb128 0x1
 833 029b 50       		.byte	0x50
 834 029c 02       		.uleb128 0x2
 835 029d 91       		.byte	0x91
 836 029e 48       		.sleb128 -56
 837 029f 00       		.byte	0
 838 02a0 10       		.uleb128 0x10
 839 02a1 8C000000 		.4byte	.LVL36
 840 02a5 F0050000 		.4byte	0x5f0
 841 02a9 BD020000 		.4byte	0x2bd
 842 02ad 11       		.uleb128 0x11
 843 02ae 01       		.uleb128 0x1
 844 02af 50       		.byte	0x50
 845 02b0 02       		.uleb128 0x2
 846 02b1 91       		.byte	0x91
 847 02b2 48       		.sleb128 -56
 848 02b3 11       		.uleb128 0x11
 849 02b4 01       		.uleb128 0x1
 850 02b5 51       		.byte	0x51
 851 02b6 05       		.uleb128 0x5
 852 02b7 03       		.byte	0x3
 853 02b8 3C000000 		.4byte	.LC3
 854 02bc 00       		.byte	0
 855 02bd 10       		.uleb128 0x10
 856 02be 92000000 		.4byte	.LVL37
 857 02c2 AE050000 		.4byte	0x5ae
 858 02c6 D1020000 		.4byte	0x2d1
 859 02ca 11       		.uleb128 0x11
 860 02cb 01       		.uleb128 0x1
 861 02cc 50       		.byte	0x50
 862 02cd 02       		.uleb128 0x2
 863 02ce 91       		.byte	0x91
 864 02cf 48       		.sleb128 -56
 865 02d0 00       		.byte	0
 866 02d1 10       		.uleb128 0x10
 867 02d2 98000000 		.4byte	.LVL38
 868 02d6 B9050000 		.4byte	0x5b9
 869 02da E5020000 		.4byte	0x2e5
 870 02de 11       		.uleb128 0x11
 871 02df 01       		.uleb128 0x1
 872 02e0 50       		.byte	0x50
 873 02e1 02       		.uleb128 0x2
 874 02e2 08       		.byte	0x8
 875 02e3 64       		.byte	0x64
 876 02e4 00       		.byte	0
 877 02e5 10       		.uleb128 0x10
 878 02e6 AA000000 		.4byte	.LVL40
 879 02ea F0050000 		.4byte	0x5f0
 880 02ee 02030000 		.4byte	0x302
 881 02f2 11       		.uleb128 0x11
 882 02f3 01       		.uleb128 0x1
 883 02f4 50       		.byte	0x50
 884 02f5 02       		.uleb128 0x2
 885 02f6 91       		.byte	0x91
 886 02f7 48       		.sleb128 -56
 887 02f8 11       		.uleb128 0x11
ARM GAS  C:\Users\UNIPRO~1\AppData\Local\Temp\ccAKWlaQ.s 			page 20


 888 02f9 01       		.uleb128 0x1
 889 02fa 51       		.byte	0x51
 890 02fb 05       		.uleb128 0x5
 891 02fc 03       		.byte	0x3
 892 02fd 4C000000 		.4byte	.LC4
 893 0301 00       		.byte	0
 894 0302 10       		.uleb128 0x10
 895 0303 B0000000 		.4byte	.LVL41
 896 0307 AE050000 		.4byte	0x5ae
 897 030b 16030000 		.4byte	0x316
 898 030f 11       		.uleb128 0x11
 899 0310 01       		.uleb128 0x1
 900 0311 50       		.byte	0x50
 901 0312 02       		.uleb128 0x2
 902 0313 91       		.byte	0x91
 903 0314 48       		.sleb128 -56
 904 0315 00       		.byte	0
 905 0316 10       		.uleb128 0x10
 906 0317 BA000000 		.4byte	.LVL42
 907 031b F0050000 		.4byte	0x5f0
 908 031f 33030000 		.4byte	0x333
 909 0323 11       		.uleb128 0x11
 910 0324 01       		.uleb128 0x1
 911 0325 50       		.byte	0x50
 912 0326 02       		.uleb128 0x2
 913 0327 91       		.byte	0x91
 914 0328 48       		.sleb128 -56
 915 0329 11       		.uleb128 0x11
 916 032a 01       		.uleb128 0x1
 917 032b 51       		.byte	0x51
 918 032c 05       		.uleb128 0x5
 919 032d 03       		.byte	0x3
 920 032e 68000000 		.4byte	.LC5
 921 0332 00       		.byte	0
 922 0333 10       		.uleb128 0x10
 923 0334 C0000000 		.4byte	.LVL43
 924 0338 AE050000 		.4byte	0x5ae
 925 033c 47030000 		.4byte	0x347
 926 0340 11       		.uleb128 0x11
 927 0341 01       		.uleb128 0x1
 928 0342 50       		.byte	0x50
 929 0343 02       		.uleb128 0x2
 930 0344 91       		.byte	0x91
 931 0345 48       		.sleb128 -56
 932 0346 00       		.byte	0
 933 0347 10       		.uleb128 0x10
 934 0348 CA000000 		.4byte	.LVL44
 935 034c F0050000 		.4byte	0x5f0
 936 0350 64030000 		.4byte	0x364
 937 0354 11       		.uleb128 0x11
 938 0355 01       		.uleb128 0x1
 939 0356 50       		.byte	0x50
 940 0357 02       		.uleb128 0x2
 941 0358 91       		.byte	0x91
 942 0359 48       		.sleb128 -56
 943 035a 11       		.uleb128 0x11
 944 035b 01       		.uleb128 0x1
ARM GAS  C:\Users\UNIPRO~1\AppData\Local\Temp\ccAKWlaQ.s 			page 21


 945 035c 51       		.byte	0x51
 946 035d 05       		.uleb128 0x5
 947 035e 03       		.byte	0x3
 948 035f 84000000 		.4byte	.LC6
 949 0363 00       		.byte	0
 950 0364 10       		.uleb128 0x10
 951 0365 D0000000 		.4byte	.LVL45
 952 0369 AE050000 		.4byte	0x5ae
 953 036d 78030000 		.4byte	0x378
 954 0371 11       		.uleb128 0x11
 955 0372 01       		.uleb128 0x1
 956 0373 50       		.byte	0x50
 957 0374 02       		.uleb128 0x2
 958 0375 91       		.byte	0x91
 959 0376 48       		.sleb128 -56
 960 0377 00       		.byte	0
 961 0378 10       		.uleb128 0x10
 962 0379 D6000000 		.4byte	.LVL46
 963 037d B9050000 		.4byte	0x5b9
 964 0381 8C030000 		.4byte	0x38c
 965 0385 11       		.uleb128 0x11
 966 0386 01       		.uleb128 0x1
 967 0387 50       		.byte	0x50
 968 0388 02       		.uleb128 0x2
 969 0389 08       		.byte	0x8
 970 038a 64       		.byte	0x64
 971 038b 00       		.byte	0
 972 038c 10       		.uleb128 0x10
 973 038d EA000000 		.4byte	.LVL47
 974 0391 BC000000 		.4byte	0xbc
 975 0395 A5030000 		.4byte	0x3a5
 976 0399 11       		.uleb128 0x11
 977 039a 01       		.uleb128 0x1
 978 039b 50       		.byte	0x50
 979 039c 02       		.uleb128 0x2
 980 039d 7D       		.byte	0x7d
 981 039e 00       		.sleb128 0
 982 039f 11       		.uleb128 0x11
 983 03a0 01       		.uleb128 0x1
 984 03a1 51       		.byte	0x51
 985 03a2 01       		.uleb128 0x1
 986 03a3 38       		.byte	0x38
 987 03a4 00       		.byte	0
 988 03a5 10       		.uleb128 0x10
 989 03a6 FA000000 		.4byte	.LVL49
 990 03aa 12010000 		.4byte	0x112
 991 03ae C4030000 		.4byte	0x3c4
 992 03b2 11       		.uleb128 0x11
 993 03b3 01       		.uleb128 0x1
 994 03b4 50       		.byte	0x50
 995 03b5 02       		.uleb128 0x2
 996 03b6 7D       		.byte	0x7d
 997 03b7 00       		.sleb128 0
 998 03b8 11       		.uleb128 0x11
 999 03b9 01       		.uleb128 0x1
 1000 03ba 51       		.byte	0x51
 1001 03bb 01       		.uleb128 0x1
ARM GAS  C:\Users\UNIPRO~1\AppData\Local\Temp\ccAKWlaQ.s 			page 22


 1002 03bc 38       		.byte	0x38
 1003 03bd 11       		.uleb128 0x11
 1004 03be 01       		.uleb128 0x1
 1005 03bf 52       		.byte	0x52
 1006 03c0 02       		.uleb128 0x2
 1007 03c1 74       		.byte	0x74
 1008 03c2 00       		.sleb128 0
 1009 03c3 00       		.byte	0
 1010 03c4 10       		.uleb128 0x10
 1011 03c5 08010000 		.4byte	.LVL50
 1012 03c9 6F010000 		.4byte	0x16f
 1013 03cd E3030000 		.4byte	0x3e3
 1014 03d1 11       		.uleb128 0x11
 1015 03d2 01       		.uleb128 0x1
 1016 03d3 50       		.byte	0x50
 1017 03d4 02       		.uleb128 0x2
 1018 03d5 7D       		.byte	0x7d
 1019 03d6 00       		.sleb128 0
 1020 03d7 11       		.uleb128 0x11
 1021 03d8 01       		.uleb128 0x1
 1022 03d9 51       		.byte	0x51
 1023 03da 01       		.uleb128 0x1
 1024 03db 38       		.byte	0x38
 1025 03dc 11       		.uleb128 0x11
 1026 03dd 01       		.uleb128 0x1
 1027 03de 52       		.byte	0x52
 1028 03df 02       		.uleb128 0x2
 1029 03e0 74       		.byte	0x74
 1030 03e1 00       		.sleb128 0
 1031 03e2 00       		.byte	0
 1032 03e3 10       		.uleb128 0x10
 1033 03e4 3C010000 		.4byte	.LVL51
 1034 03e8 F0050000 		.4byte	0x5f0
 1035 03ec 00040000 		.4byte	0x400
 1036 03f0 11       		.uleb128 0x11
 1037 03f1 01       		.uleb128 0x1
 1038 03f2 50       		.byte	0x50
 1039 03f3 02       		.uleb128 0x2
 1040 03f4 91       		.byte	0x91
 1041 03f5 48       		.sleb128 -56
 1042 03f6 11       		.uleb128 0x11
 1043 03f7 01       		.uleb128 0x1
 1044 03f8 51       		.byte	0x51
 1045 03f9 05       		.uleb128 0x5
 1046 03fa 03       		.byte	0x3
 1047 03fb A0000000 		.4byte	.LC7
 1048 03ff 00       		.byte	0
 1049 0400 10       		.uleb128 0x10
 1050 0401 42010000 		.4byte	.LVL52
 1051 0405 AE050000 		.4byte	0x5ae
 1052 0409 14040000 		.4byte	0x414
 1053 040d 11       		.uleb128 0x11
 1054 040e 01       		.uleb128 0x1
 1055 040f 50       		.byte	0x50
 1056 0410 02       		.uleb128 0x2
 1057 0411 91       		.byte	0x91
 1058 0412 48       		.sleb128 -56
ARM GAS  C:\Users\UNIPRO~1\AppData\Local\Temp\ccAKWlaQ.s 			page 23


 1059 0413 00       		.byte	0
 1060 0414 10       		.uleb128 0x10
 1061 0415 48010000 		.4byte	.LVL53
 1062 0419 B9050000 		.4byte	0x5b9
 1063 041d 28040000 		.4byte	0x428
 1064 0421 11       		.uleb128 0x11
 1065 0422 01       		.uleb128 0x1
 1066 0423 50       		.byte	0x50
 1067 0424 02       		.uleb128 0x2
 1068 0425 08       		.byte	0x8
 1069 0426 64       		.byte	0x64
 1070 0427 00       		.byte	0
 1071 0428 10       		.uleb128 0x10
 1072 0429 52010000 		.4byte	.LVL54
 1073 042d F0050000 		.4byte	0x5f0
 1074 0431 45040000 		.4byte	0x445
 1075 0435 11       		.uleb128 0x11
 1076 0436 01       		.uleb128 0x1
 1077 0437 50       		.byte	0x50
 1078 0438 02       		.uleb128 0x2
 1079 0439 91       		.byte	0x91
 1080 043a 48       		.sleb128 -56
 1081 043b 11       		.uleb128 0x11
 1082 043c 01       		.uleb128 0x1
 1083 043d 51       		.byte	0x51
 1084 043e 05       		.uleb128 0x5
 1085 043f 03       		.byte	0x3
 1086 0440 B8000000 		.4byte	.LC8
 1087 0444 00       		.byte	0
 1088 0445 10       		.uleb128 0x10
 1089 0446 58010000 		.4byte	.LVL55
 1090 044a AE050000 		.4byte	0x5ae
 1091 044e 59040000 		.4byte	0x459
 1092 0452 11       		.uleb128 0x11
 1093 0453 01       		.uleb128 0x1
 1094 0454 50       		.byte	0x50
 1095 0455 02       		.uleb128 0x2
 1096 0456 91       		.byte	0x91
 1097 0457 48       		.sleb128 -56
 1098 0458 00       		.byte	0
 1099 0459 10       		.uleb128 0x10
 1100 045a 5E010000 		.4byte	.LVL56
 1101 045e B9050000 		.4byte	0x5b9
 1102 0462 6D040000 		.4byte	0x46d
 1103 0466 11       		.uleb128 0x11
 1104 0467 01       		.uleb128 0x1
 1105 0468 50       		.byte	0x50
 1106 0469 02       		.uleb128 0x2
 1107 046a 08       		.byte	0x8
 1108 046b 64       		.byte	0x64
 1109 046c 00       		.byte	0
 1110 046d 10       		.uleb128 0x10
 1111 046e 68010000 		.4byte	.LVL57
 1112 0472 F0050000 		.4byte	0x5f0
 1113 0476 8A040000 		.4byte	0x48a
 1114 047a 11       		.uleb128 0x11
 1115 047b 01       		.uleb128 0x1
ARM GAS  C:\Users\UNIPRO~1\AppData\Local\Temp\ccAKWlaQ.s 			page 24


 1116 047c 50       		.byte	0x50
 1117 047d 02       		.uleb128 0x2
 1118 047e 91       		.byte	0x91
 1119 047f 48       		.sleb128 -56
 1120 0480 11       		.uleb128 0x11
 1121 0481 01       		.uleb128 0x1
 1122 0482 51       		.byte	0x51
 1123 0483 05       		.uleb128 0x5
 1124 0484 03       		.byte	0x3
 1125 0485 D0000000 		.4byte	.LC9
 1126 0489 00       		.byte	0
 1127 048a 10       		.uleb128 0x10
 1128 048b 6E010000 		.4byte	.LVL58
 1129 048f AE050000 		.4byte	0x5ae
 1130 0493 9E040000 		.4byte	0x49e
 1131 0497 11       		.uleb128 0x11
 1132 0498 01       		.uleb128 0x1
 1133 0499 50       		.byte	0x50
 1134 049a 02       		.uleb128 0x2
 1135 049b 91       		.byte	0x91
 1136 049c 48       		.sleb128 -56
 1137 049d 00       		.byte	0
 1138 049e 10       		.uleb128 0x10
 1139 049f 74010000 		.4byte	.LVL59
 1140 04a3 B9050000 		.4byte	0x5b9
 1141 04a7 B2040000 		.4byte	0x4b2
 1142 04ab 11       		.uleb128 0x11
 1143 04ac 01       		.uleb128 0x1
 1144 04ad 50       		.byte	0x50
 1145 04ae 02       		.uleb128 0x2
 1146 04af 08       		.byte	0x8
 1147 04b0 64       		.byte	0x64
 1148 04b1 00       		.byte	0
 1149 04b2 12       		.uleb128 0x12
 1150 04b3 78010000 		.4byte	.LVL60
 1151 04b7 FB050000 		.4byte	0x5fb
 1152 04bb 10       		.uleb128 0x10
 1153 04bc 7E010000 		.4byte	.LVL61
 1154 04c0 B9050000 		.4byte	0x5b9
 1155 04c4 CF040000 		.4byte	0x4cf
 1156 04c8 11       		.uleb128 0x11
 1157 04c9 01       		.uleb128 0x1
 1158 04ca 50       		.byte	0x50
 1159 04cb 02       		.uleb128 0x2
 1160 04cc 08       		.byte	0x8
 1161 04cd 64       		.byte	0x64
 1162 04ce 00       		.byte	0
 1163 04cf 12       		.uleb128 0x12
 1164 04d0 82010000 		.4byte	.LVL62
 1165 04d4 07060000 		.4byte	0x607
 1166 04d8 13       		.uleb128 0x13
 1167 04d9 88010000 		.4byte	.LVL63
 1168 04dd B9050000 		.4byte	0x5b9
 1169 04e1 11       		.uleb128 0x11
 1170 04e2 01       		.uleb128 0x1
 1171 04e3 50       		.byte	0x50
 1172 04e4 02       		.uleb128 0x2
ARM GAS  C:\Users\UNIPRO~1\AppData\Local\Temp\ccAKWlaQ.s 			page 25


 1173 04e5 08       		.byte	0x8
 1174 04e6 64       		.byte	0x64
 1175 04e7 00       		.byte	0
 1176 04e8 00       		.byte	0
 1177 04e9 12       		.uleb128 0x12
 1178 04ea 0A000000 		.4byte	.LVL22
 1179 04ee 13060000 		.4byte	0x613
 1180 04f2 12       		.uleb128 0x12
 1181 04f3 0E000000 		.4byte	.LVL23
 1182 04f7 1E060000 		.4byte	0x61e
 1183 04fb 12       		.uleb128 0x12
 1184 04fc 12000000 		.4byte	.LVL24
 1185 0500 29060000 		.4byte	0x629
 1186 0504 12       		.uleb128 0x12
 1187 0505 16000000 		.4byte	.LVL25
 1188 0509 34060000 		.4byte	0x634
 1189 050d 12       		.uleb128 0x12
 1190 050e 1A000000 		.4byte	.LVL26
 1191 0512 3F060000 		.4byte	0x63f
 1192 0516 13       		.uleb128 0x13
 1193 0517 20000000 		.4byte	.LVL27
 1194 051b AE050000 		.4byte	0x5ae
 1195 051f 11       		.uleb128 0x11
 1196 0520 01       		.uleb128 0x1
 1197 0521 50       		.byte	0x50
 1198 0522 05       		.uleb128 0x5
 1199 0523 03       		.byte	0x3
 1200 0524 00000000 		.4byte	.LC0
 1201 0528 00       		.byte	0
 1202 0529 00       		.byte	0
 1203 052a 14       		.uleb128 0x14
 1204 052b A7000000 		.4byte	0xa7
 1205 052f 3A050000 		.4byte	0x53a
 1206 0533 15       		.uleb128 0x15
 1207 0534 B5000000 		.4byte	0xb5
 1208 0538 1F       		.byte	0x1f
 1209 0539 00       		.byte	0
 1210 053a 14       		.uleb128 0x14
 1211 053b 8D000000 		.4byte	0x8d
 1212 053f 4A050000 		.4byte	0x54a
 1213 0543 15       		.uleb128 0x15
 1214 0544 B5000000 		.4byte	0xb5
 1215 0548 07       		.byte	0x7
 1216 0549 00       		.byte	0
 1217 054a 16       		.uleb128 0x16
 1218 054b 20010000 		.4byte	.LASF21
 1219 054f 05       		.byte	0x5
 1220 0550 1207     		.2byte	0x712
 1221 0552 56050000 		.4byte	0x556
 1222 0556 17       		.uleb128 0x17
 1223 0557 76000000 		.4byte	0x76
 1224 055b 14       		.uleb128 0x14
 1225 055c 8D000000 		.4byte	0x8d
 1226 0560 6B050000 		.4byte	0x56b
 1227 0564 15       		.uleb128 0x15
 1228 0565 B5000000 		.4byte	0xb5
 1229 0569 02       		.byte	0x2
ARM GAS  C:\Users\UNIPRO~1\AppData\Local\Temp\ccAKWlaQ.s 			page 26


 1230 056a 00       		.byte	0
 1231 056b 18       		.uleb128 0x18
 1232 056c 3F010000 		.4byte	.LASF22
 1233 0570 01       		.byte	0x1
 1234 0571 18       		.byte	0x18
 1235 0572 5B050000 		.4byte	0x55b
 1236 0576 05       		.uleb128 0x5
 1237 0577 03       		.byte	0x3
 1238 0578 00000000 		.4byte	RX_DATA_P1
 1239 057c 18       		.uleb128 0x18
 1240 057d 18010000 		.4byte	.LASF23
 1241 0581 01       		.byte	0x1
 1242 0582 19       		.byte	0x19
 1243 0583 5B050000 		.4byte	0x55b
 1244 0587 05       		.uleb128 0x5
 1245 0588 03       		.byte	0x3
 1246 0589 00000000 		.4byte	TX_DATA
 1247 058d 14       		.uleb128 0x14
 1248 058e 81000000 		.4byte	0x81
 1249 0592 9D050000 		.4byte	0x59d
 1250 0596 15       		.uleb128 0x15
 1251 0597 B5000000 		.4byte	0xb5
 1252 059b 02       		.byte	0x2
 1253 059c 00       		.byte	0
 1254 059d 18       		.uleb128 0x18
 1255 059e E1010000 		.4byte	.LASF24
 1256 05a2 01       		.byte	0x1
 1257 05a3 1A       		.byte	0x1a
 1258 05a4 8D050000 		.4byte	0x58d
 1259 05a8 05       		.uleb128 0x5
 1260 05a9 03       		.byte	0x3
 1261 05aa 00000000 		.4byte	TX_DATA8
 1262 05ae 19       		.uleb128 0x19
 1263 05af CB020000 		.4byte	.LASF25
 1264 05b3 CB020000 		.4byte	.LASF25
 1265 05b7 06       		.byte	0x6
 1266 05b8 8B       		.byte	0x8b
 1267 05b9 19       		.uleb128 0x19
 1268 05ba E4020000 		.4byte	.LASF26
 1269 05be E4020000 		.4byte	.LASF26
 1270 05c2 07       		.byte	0x7
 1271 05c3 76       		.byte	0x76
 1272 05c4 19       		.uleb128 0x19
 1273 05c5 F3000000 		.4byte	.LASF27
 1274 05c9 F3000000 		.4byte	.LASF27
 1275 05cd 08       		.byte	0x8
 1276 05ce 27       		.byte	0x27
 1277 05cf 19       		.uleb128 0x19
 1278 05d0 67020000 		.4byte	.LASF28
 1279 05d4 67020000 		.4byte	.LASF28
 1280 05d8 09       		.byte	0x9
 1281 05d9 3F       		.byte	0x3f
 1282 05da 19       		.uleb128 0x19
 1283 05db 74010000 		.4byte	.LASF29
 1284 05df 74010000 		.4byte	.LASF29
 1285 05e3 09       		.byte	0x9
 1286 05e4 41       		.byte	0x41
ARM GAS  C:\Users\UNIPRO~1\AppData\Local\Temp\ccAKWlaQ.s 			page 27


 1287 05e5 19       		.uleb128 0x19
 1288 05e6 AD010000 		.4byte	.LASF30
 1289 05ea AD010000 		.4byte	.LASF30
 1290 05ee 09       		.byte	0x9
 1291 05ef 47       		.byte	0x47
 1292 05f0 19       		.uleb128 0x19
 1293 05f1 DC020000 		.4byte	.LASF31
 1294 05f5 DC020000 		.4byte	.LASF31
 1295 05f9 0A       		.byte	0xa
 1296 05fa E7       		.byte	0xe7
 1297 05fb 1A       		.uleb128 0x1a
 1298 05fc 4A010000 		.4byte	.LASF32
 1299 0600 4A010000 		.4byte	.LASF32
 1300 0604 0B       		.byte	0xb
 1301 0605 1D01     		.2byte	0x11d
 1302 0607 1A       		.uleb128 0x1a
 1303 0608 59010000 		.4byte	.LASF33
 1304 060c 59010000 		.4byte	.LASF33
 1305 0610 0B       		.byte	0xb
 1306 0611 2001     		.2byte	0x120
 1307 0613 19       		.uleb128 0x19
 1308 0614 16000000 		.4byte	.LASF34
 1309 0618 16000000 		.4byte	.LASF34
 1310 061c 06       		.byte	0x6
 1311 061d 54       		.byte	0x54
 1312 061e 19       		.uleb128 0x19
 1313 061f 8D010000 		.4byte	.LASF35
 1314 0623 8D010000 		.4byte	.LASF35
 1315 0627 09       		.byte	0x9
 1316 0628 3A       		.byte	0x3a
 1317 0629 19       		.uleb128 0x19
 1318 062a 0A020000 		.4byte	.LASF36
 1319 062e 0A020000 		.4byte	.LASF36
 1320 0632 08       		.byte	0x8
 1321 0633 25       		.byte	0x25
 1322 0634 19       		.uleb128 0x19
 1323 0635 B3020000 		.4byte	.LASF37
 1324 0639 B3020000 		.4byte	.LASF37
 1325 063d 0B       		.byte	0xb
 1326 063e C5       		.byte	0xc5
 1327 063f 19       		.uleb128 0x19
 1328 0640 8D020000 		.4byte	.LASF38
 1329 0644 8D020000 		.4byte	.LASF38
 1330 0648 09       		.byte	0x9
 1331 0649 3D       		.byte	0x3d
 1332 064a 00       		.byte	0
 1333              		.section	.debug_abbrev,"",%progbits
 1334              	.Ldebug_abbrev0:
 1335 0000 01       		.uleb128 0x1
 1336 0001 11       		.uleb128 0x11
 1337 0002 01       		.byte	0x1
 1338 0003 25       		.uleb128 0x25
 1339 0004 0E       		.uleb128 0xe
 1340 0005 13       		.uleb128 0x13
 1341 0006 0B       		.uleb128 0xb
 1342 0007 03       		.uleb128 0x3
 1343 0008 0E       		.uleb128 0xe
ARM GAS  C:\Users\UNIPRO~1\AppData\Local\Temp\ccAKWlaQ.s 			page 28


 1344 0009 1B       		.uleb128 0x1b
 1345 000a 0E       		.uleb128 0xe
 1346 000b 55       		.uleb128 0x55
 1347 000c 17       		.uleb128 0x17
 1348 000d 11       		.uleb128 0x11
 1349 000e 01       		.uleb128 0x1
 1350 000f 10       		.uleb128 0x10
 1351 0010 17       		.uleb128 0x17
 1352 0011 00       		.byte	0
 1353 0012 00       		.byte	0
 1354 0013 02       		.uleb128 0x2
 1355 0014 24       		.uleb128 0x24
 1356 0015 00       		.byte	0
 1357 0016 0B       		.uleb128 0xb
 1358 0017 0B       		.uleb128 0xb
 1359 0018 3E       		.uleb128 0x3e
 1360 0019 0B       		.uleb128 0xb
 1361 001a 03       		.uleb128 0x3
 1362 001b 0E       		.uleb128 0xe
 1363 001c 00       		.byte	0
 1364 001d 00       		.byte	0
 1365 001e 03       		.uleb128 0x3
 1366 001f 16       		.uleb128 0x16
 1367 0020 00       		.byte	0
 1368 0021 03       		.uleb128 0x3
 1369 0022 0E       		.uleb128 0xe
 1370 0023 3A       		.uleb128 0x3a
 1371 0024 0B       		.uleb128 0xb
 1372 0025 3B       		.uleb128 0x3b
 1373 0026 0B       		.uleb128 0xb
 1374 0027 49       		.uleb128 0x49
 1375 0028 13       		.uleb128 0x13
 1376 0029 00       		.byte	0
 1377 002a 00       		.byte	0
 1378 002b 04       		.uleb128 0x4
 1379 002c 24       		.uleb128 0x24
 1380 002d 00       		.byte	0
 1381 002e 0B       		.uleb128 0xb
 1382 002f 0B       		.uleb128 0xb
 1383 0030 3E       		.uleb128 0x3e
 1384 0031 0B       		.uleb128 0xb
 1385 0032 03       		.uleb128 0x3
 1386 0033 08       		.uleb128 0x8
 1387 0034 00       		.byte	0
 1388 0035 00       		.byte	0
 1389 0036 05       		.uleb128 0x5
 1390 0037 16       		.uleb128 0x16
 1391 0038 00       		.byte	0
 1392 0039 03       		.uleb128 0x3
 1393 003a 0E       		.uleb128 0xe
 1394 003b 3A       		.uleb128 0x3a
 1395 003c 0B       		.uleb128 0xb
 1396 003d 3B       		.uleb128 0x3b
 1397 003e 05       		.uleb128 0x5
 1398 003f 49       		.uleb128 0x49
 1399 0040 13       		.uleb128 0x13
 1400 0041 00       		.byte	0
ARM GAS  C:\Users\UNIPRO~1\AppData\Local\Temp\ccAKWlaQ.s 			page 29


 1401 0042 00       		.byte	0
 1402 0043 06       		.uleb128 0x6
 1403 0044 2E       		.uleb128 0x2e
 1404 0045 01       		.byte	0x1
 1405 0046 3F       		.uleb128 0x3f
 1406 0047 19       		.uleb128 0x19
 1407 0048 03       		.uleb128 0x3
 1408 0049 08       		.uleb128 0x8
 1409 004a 3A       		.uleb128 0x3a
 1410 004b 0B       		.uleb128 0xb
 1411 004c 3B       		.uleb128 0x3b
 1412 004d 0B       		.uleb128 0xb
 1413 004e 27       		.uleb128 0x27
 1414 004f 19       		.uleb128 0x19
 1415 0050 49       		.uleb128 0x49
 1416 0051 13       		.uleb128 0x13
 1417 0052 11       		.uleb128 0x11
 1418 0053 01       		.uleb128 0x1
 1419 0054 12       		.uleb128 0x12
 1420 0055 06       		.uleb128 0x6
 1421 0056 40       		.uleb128 0x40
 1422 0057 18       		.uleb128 0x18
 1423 0058 9742     		.uleb128 0x2117
 1424 005a 19       		.uleb128 0x19
 1425 005b 01       		.uleb128 0x1
 1426 005c 13       		.uleb128 0x13
 1427 005d 00       		.byte	0
 1428 005e 00       		.byte	0
 1429 005f 07       		.uleb128 0x7
 1430 0060 05       		.uleb128 0x5
 1431 0061 00       		.byte	0
 1432 0062 03       		.uleb128 0x3
 1433 0063 08       		.uleb128 0x8
 1434 0064 3A       		.uleb128 0x3a
 1435 0065 0B       		.uleb128 0xb
 1436 0066 3B       		.uleb128 0x3b
 1437 0067 0B       		.uleb128 0xb
 1438 0068 49       		.uleb128 0x49
 1439 0069 13       		.uleb128 0x13
 1440 006a 02       		.uleb128 0x2
 1441 006b 17       		.uleb128 0x17
 1442 006c 00       		.byte	0
 1443 006d 00       		.byte	0
 1444 006e 08       		.uleb128 0x8
 1445 006f 05       		.uleb128 0x5
 1446 0070 00       		.byte	0
 1447 0071 03       		.uleb128 0x3
 1448 0072 08       		.uleb128 0x8
 1449 0073 3A       		.uleb128 0x3a
 1450 0074 0B       		.uleb128 0xb
 1451 0075 3B       		.uleb128 0x3b
 1452 0076 0B       		.uleb128 0xb
 1453 0077 49       		.uleb128 0x49
 1454 0078 13       		.uleb128 0x13
 1455 0079 02       		.uleb128 0x2
 1456 007a 18       		.uleb128 0x18
 1457 007b 00       		.byte	0
ARM GAS  C:\Users\UNIPRO~1\AppData\Local\Temp\ccAKWlaQ.s 			page 30


 1458 007c 00       		.byte	0
 1459 007d 09       		.uleb128 0x9
 1460 007e 34       		.uleb128 0x34
 1461 007f 00       		.byte	0
 1462 0080 03       		.uleb128 0x3
 1463 0081 08       		.uleb128 0x8
 1464 0082 3A       		.uleb128 0x3a
 1465 0083 0B       		.uleb128 0xb
 1466 0084 3B       		.uleb128 0x3b
 1467 0085 0B       		.uleb128 0xb
 1468 0086 49       		.uleb128 0x49
 1469 0087 13       		.uleb128 0x13
 1470 0088 02       		.uleb128 0x2
 1471 0089 17       		.uleb128 0x17
 1472 008a 00       		.byte	0
 1473 008b 00       		.byte	0
 1474 008c 0A       		.uleb128 0xa
 1475 008d 0F       		.uleb128 0xf
 1476 008e 00       		.byte	0
 1477 008f 0B       		.uleb128 0xb
 1478 0090 0B       		.uleb128 0xb
 1479 0091 49       		.uleb128 0x49
 1480 0092 13       		.uleb128 0x13
 1481 0093 00       		.byte	0
 1482 0094 00       		.byte	0
 1483 0095 0B       		.uleb128 0xb
 1484 0096 34       		.uleb128 0x34
 1485 0097 00       		.byte	0
 1486 0098 03       		.uleb128 0x3
 1487 0099 08       		.uleb128 0x8
 1488 009a 3A       		.uleb128 0x3a
 1489 009b 0B       		.uleb128 0xb
 1490 009c 3B       		.uleb128 0x3b
 1491 009d 0B       		.uleb128 0xb
 1492 009e 49       		.uleb128 0x49
 1493 009f 13       		.uleb128 0x13
 1494 00a0 02       		.uleb128 0x2
 1495 00a1 18       		.uleb128 0x18
 1496 00a2 00       		.byte	0
 1497 00a3 00       		.byte	0
 1498 00a4 0C       		.uleb128 0xc
 1499 00a5 34       		.uleb128 0x34
 1500 00a6 00       		.byte	0
 1501 00a7 03       		.uleb128 0x3
 1502 00a8 0E       		.uleb128 0xe
 1503 00a9 3A       		.uleb128 0x3a
 1504 00aa 0B       		.uleb128 0xb
 1505 00ab 3B       		.uleb128 0x3b
 1506 00ac 0B       		.uleb128 0xb
 1507 00ad 49       		.uleb128 0x49
 1508 00ae 13       		.uleb128 0x13
 1509 00af 02       		.uleb128 0x2
 1510 00b0 17       		.uleb128 0x17
 1511 00b1 00       		.byte	0
 1512 00b2 00       		.byte	0
 1513 00b3 0D       		.uleb128 0xd
 1514 00b4 2E       		.uleb128 0x2e
ARM GAS  C:\Users\UNIPRO~1\AppData\Local\Temp\ccAKWlaQ.s 			page 31


 1515 00b5 01       		.byte	0x1
 1516 00b6 3F       		.uleb128 0x3f
 1517 00b7 19       		.uleb128 0x19
 1518 00b8 03       		.uleb128 0x3
 1519 00b9 0E       		.uleb128 0xe
 1520 00ba 3A       		.uleb128 0x3a
 1521 00bb 0B       		.uleb128 0xb
 1522 00bc 3B       		.uleb128 0x3b
 1523 00bd 0B       		.uleb128 0xb
 1524 00be 27       		.uleb128 0x27
 1525 00bf 19       		.uleb128 0x19
 1526 00c0 49       		.uleb128 0x49
 1527 00c1 13       		.uleb128 0x13
 1528 00c2 8701     		.uleb128 0x87
 1529 00c4 19       		.uleb128 0x19
 1530 00c5 11       		.uleb128 0x11
 1531 00c6 01       		.uleb128 0x1
 1532 00c7 12       		.uleb128 0x12
 1533 00c8 06       		.uleb128 0x6
 1534 00c9 40       		.uleb128 0x40
 1535 00ca 18       		.uleb128 0x18
 1536 00cb 9742     		.uleb128 0x2117
 1537 00cd 19       		.uleb128 0x19
 1538 00ce 01       		.uleb128 0x1
 1539 00cf 13       		.uleb128 0x13
 1540 00d0 00       		.byte	0
 1541 00d1 00       		.byte	0
 1542 00d2 0E       		.uleb128 0xe
 1543 00d3 34       		.uleb128 0x34
 1544 00d4 00       		.byte	0
 1545 00d5 03       		.uleb128 0x3
 1546 00d6 0E       		.uleb128 0xe
 1547 00d7 3A       		.uleb128 0x3a
 1548 00d8 0B       		.uleb128 0xb
 1549 00d9 3B       		.uleb128 0x3b
 1550 00da 0B       		.uleb128 0xb
 1551 00db 49       		.uleb128 0x49
 1552 00dc 13       		.uleb128 0x13
 1553 00dd 02       		.uleb128 0x2
 1554 00de 18       		.uleb128 0x18
 1555 00df 00       		.byte	0
 1556 00e0 00       		.byte	0
 1557 00e1 0F       		.uleb128 0xf
 1558 00e2 0B       		.uleb128 0xb
 1559 00e3 01       		.byte	0x1
 1560 00e4 11       		.uleb128 0x11
 1561 00e5 01       		.uleb128 0x1
 1562 00e6 12       		.uleb128 0x12
 1563 00e7 06       		.uleb128 0x6
 1564 00e8 01       		.uleb128 0x1
 1565 00e9 13       		.uleb128 0x13
 1566 00ea 00       		.byte	0
 1567 00eb 00       		.byte	0
 1568 00ec 10       		.uleb128 0x10
 1569 00ed 898201   		.uleb128 0x4109
 1570 00f0 01       		.byte	0x1
 1571 00f1 11       		.uleb128 0x11
ARM GAS  C:\Users\UNIPRO~1\AppData\Local\Temp\ccAKWlaQ.s 			page 32


 1572 00f2 01       		.uleb128 0x1
 1573 00f3 31       		.uleb128 0x31
 1574 00f4 13       		.uleb128 0x13
 1575 00f5 01       		.uleb128 0x1
 1576 00f6 13       		.uleb128 0x13
 1577 00f7 00       		.byte	0
 1578 00f8 00       		.byte	0
 1579 00f9 11       		.uleb128 0x11
 1580 00fa 8A8201   		.uleb128 0x410a
 1581 00fd 00       		.byte	0
 1582 00fe 02       		.uleb128 0x2
 1583 00ff 18       		.uleb128 0x18
 1584 0100 9142     		.uleb128 0x2111
 1585 0102 18       		.uleb128 0x18
 1586 0103 00       		.byte	0
 1587 0104 00       		.byte	0
 1588 0105 12       		.uleb128 0x12
 1589 0106 898201   		.uleb128 0x4109
 1590 0109 00       		.byte	0
 1591 010a 11       		.uleb128 0x11
 1592 010b 01       		.uleb128 0x1
 1593 010c 31       		.uleb128 0x31
 1594 010d 13       		.uleb128 0x13
 1595 010e 00       		.byte	0
 1596 010f 00       		.byte	0
 1597 0110 13       		.uleb128 0x13
 1598 0111 898201   		.uleb128 0x4109
 1599 0114 01       		.byte	0x1
 1600 0115 11       		.uleb128 0x11
 1601 0116 01       		.uleb128 0x1
 1602 0117 31       		.uleb128 0x31
 1603 0118 13       		.uleb128 0x13
 1604 0119 00       		.byte	0
 1605 011a 00       		.byte	0
 1606 011b 14       		.uleb128 0x14
 1607 011c 01       		.uleb128 0x1
 1608 011d 01       		.byte	0x1
 1609 011e 49       		.uleb128 0x49
 1610 011f 13       		.uleb128 0x13
 1611 0120 01       		.uleb128 0x1
 1612 0121 13       		.uleb128 0x13
 1613 0122 00       		.byte	0
 1614 0123 00       		.byte	0
 1615 0124 15       		.uleb128 0x15
 1616 0125 21       		.uleb128 0x21
 1617 0126 00       		.byte	0
 1618 0127 49       		.uleb128 0x49
 1619 0128 13       		.uleb128 0x13
 1620 0129 2F       		.uleb128 0x2f
 1621 012a 0B       		.uleb128 0xb
 1622 012b 00       		.byte	0
 1623 012c 00       		.byte	0
 1624 012d 16       		.uleb128 0x16
 1625 012e 34       		.uleb128 0x34
 1626 012f 00       		.byte	0
 1627 0130 03       		.uleb128 0x3
 1628 0131 0E       		.uleb128 0xe
ARM GAS  C:\Users\UNIPRO~1\AppData\Local\Temp\ccAKWlaQ.s 			page 33


 1629 0132 3A       		.uleb128 0x3a
 1630 0133 0B       		.uleb128 0xb
 1631 0134 3B       		.uleb128 0x3b
 1632 0135 05       		.uleb128 0x5
 1633 0136 49       		.uleb128 0x49
 1634 0137 13       		.uleb128 0x13
 1635 0138 3F       		.uleb128 0x3f
 1636 0139 19       		.uleb128 0x19
 1637 013a 3C       		.uleb128 0x3c
 1638 013b 19       		.uleb128 0x19
 1639 013c 00       		.byte	0
 1640 013d 00       		.byte	0
 1641 013e 17       		.uleb128 0x17
 1642 013f 35       		.uleb128 0x35
 1643 0140 00       		.byte	0
 1644 0141 49       		.uleb128 0x49
 1645 0142 13       		.uleb128 0x13
 1646 0143 00       		.byte	0
 1647 0144 00       		.byte	0
 1648 0145 18       		.uleb128 0x18
 1649 0146 34       		.uleb128 0x34
 1650 0147 00       		.byte	0
 1651 0148 03       		.uleb128 0x3
 1652 0149 0E       		.uleb128 0xe
 1653 014a 3A       		.uleb128 0x3a
 1654 014b 0B       		.uleb128 0xb
 1655 014c 3B       		.uleb128 0x3b
 1656 014d 0B       		.uleb128 0xb
 1657 014e 49       		.uleb128 0x49
 1658 014f 13       		.uleb128 0x13
 1659 0150 3F       		.uleb128 0x3f
 1660 0151 19       		.uleb128 0x19
 1661 0152 02       		.uleb128 0x2
 1662 0153 18       		.uleb128 0x18
 1663 0154 00       		.byte	0
 1664 0155 00       		.byte	0
 1665 0156 19       		.uleb128 0x19
 1666 0157 2E       		.uleb128 0x2e
 1667 0158 00       		.byte	0
 1668 0159 3F       		.uleb128 0x3f
 1669 015a 19       		.uleb128 0x19
 1670 015b 3C       		.uleb128 0x3c
 1671 015c 19       		.uleb128 0x19
 1672 015d 6E       		.uleb128 0x6e
 1673 015e 0E       		.uleb128 0xe
 1674 015f 03       		.uleb128 0x3
 1675 0160 0E       		.uleb128 0xe
 1676 0161 3A       		.uleb128 0x3a
 1677 0162 0B       		.uleb128 0xb
 1678 0163 3B       		.uleb128 0x3b
 1679 0164 0B       		.uleb128 0xb
 1680 0165 00       		.byte	0
 1681 0166 00       		.byte	0
 1682 0167 1A       		.uleb128 0x1a
 1683 0168 2E       		.uleb128 0x2e
 1684 0169 00       		.byte	0
 1685 016a 3F       		.uleb128 0x3f
ARM GAS  C:\Users\UNIPRO~1\AppData\Local\Temp\ccAKWlaQ.s 			page 34


 1686 016b 19       		.uleb128 0x19
 1687 016c 3C       		.uleb128 0x3c
 1688 016d 19       		.uleb128 0x19
 1689 016e 6E       		.uleb128 0x6e
 1690 016f 0E       		.uleb128 0xe
 1691 0170 03       		.uleb128 0x3
 1692 0171 0E       		.uleb128 0xe
 1693 0172 3A       		.uleb128 0x3a
 1694 0173 0B       		.uleb128 0xb
 1695 0174 3B       		.uleb128 0x3b
 1696 0175 05       		.uleb128 0x5
 1697 0176 00       		.byte	0
 1698 0177 00       		.byte	0
 1699 0178 00       		.byte	0
 1700              		.section	.debug_loc,"",%progbits
 1701              	.Ldebug_loc0:
 1702              	.LLST0:
 1703 0000 00000000 		.4byte	.LVL0
 1704 0004 06000000 		.4byte	.LVL2
 1705 0008 0100     		.2byte	0x1
 1706 000a 50       		.byte	0x50
 1707 000b 06000000 		.4byte	.LVL2
 1708 000f 1C000000 		.4byte	.LVL6
 1709 0013 0100     		.2byte	0x1
 1710 0015 54       		.byte	0x54
 1711 0016 1C000000 		.4byte	.LVL6
 1712 001a 1E000000 		.4byte	.LFE64
 1713 001e 0400     		.2byte	0x4
 1714 0020 F3       		.byte	0xf3
 1715 0021 01       		.uleb128 0x1
 1716 0022 50       		.byte	0x50
 1717 0023 9F       		.byte	0x9f
 1718 0024 00000000 		.4byte	0
 1719 0028 00000000 		.4byte	0
 1720              	.LLST1:
 1721 002c 04000000 		.4byte	.LVL1
 1722 0030 0A000000 		.4byte	.LVL3
 1723 0034 0200     		.2byte	0x2
 1724 0036 30       		.byte	0x30
 1725 0037 9F       		.byte	0x9f
 1726 0038 0A000000 		.4byte	.LVL3
 1727 003c 1E000000 		.4byte	.LFE64
 1728 0040 0100     		.2byte	0x1
 1729 0042 53       		.byte	0x53
 1730 0043 00000000 		.4byte	0
 1731 0047 00000000 		.4byte	0
 1732              	.LLST2:
 1733 004b 04000000 		.4byte	.LVL1
 1734 004f 0A000000 		.4byte	.LVL3
 1735 0053 0200     		.2byte	0x2
 1736 0055 30       		.byte	0x30
 1737 0056 9F       		.byte	0x9f
 1738 0057 0A000000 		.4byte	.LVL3
 1739 005b 1E000000 		.4byte	.LFE64
 1740 005f 0100     		.2byte	0x1
 1741 0061 50       		.byte	0x50
 1742 0062 00000000 		.4byte	0
ARM GAS  C:\Users\UNIPRO~1\AppData\Local\Temp\ccAKWlaQ.s 			page 35


 1743 0066 00000000 		.4byte	0
 1744              	.LLST3:
 1745 006a 00000000 		.4byte	.LVL7
 1746 006e 1A000000 		.4byte	.LVL12
 1747 0072 0100     		.2byte	0x1
 1748 0074 50       		.byte	0x50
 1749 0075 1A000000 		.4byte	.LVL12
 1750 0079 1E000000 		.4byte	.LFE65
 1751 007d 0400     		.2byte	0x4
 1752 007f F3       		.byte	0xf3
 1753 0080 01       		.uleb128 0x1
 1754 0081 50       		.byte	0x50
 1755 0082 9F       		.byte	0x9f
 1756 0083 00000000 		.4byte	0
 1757 0087 00000000 		.4byte	0
 1758              	.LLST4:
 1759 008b 00000000 		.4byte	.LVL7
 1760 008f 06000000 		.4byte	.LVL9
 1761 0093 0100     		.2byte	0x1
 1762 0095 52       		.byte	0x52
 1763 0096 06000000 		.4byte	.LVL9
 1764 009a 1E000000 		.4byte	.LFE65
 1765 009e 0400     		.2byte	0x4
 1766 00a0 F3       		.byte	0xf3
 1767 00a1 01       		.uleb128 0x1
 1768 00a2 52       		.byte	0x52
 1769 00a3 9F       		.byte	0x9f
 1770 00a4 00000000 		.4byte	0
 1771 00a8 00000000 		.4byte	0
 1772              	.LLST5:
 1773 00ac 02000000 		.4byte	.LVL8
 1774 00b0 06000000 		.4byte	.LVL9
 1775 00b4 0200     		.2byte	0x2
 1776 00b6 30       		.byte	0x30
 1777 00b7 9F       		.byte	0x9f
 1778 00b8 06000000 		.4byte	.LVL9
 1779 00bc 1E000000 		.4byte	.LFE65
 1780 00c0 0100     		.2byte	0x1
 1781 00c2 53       		.byte	0x53
 1782 00c3 00000000 		.4byte	0
 1783 00c7 00000000 		.4byte	0
 1784              	.LLST6:
 1785 00cb 00000000 		.4byte	.LVL13
 1786 00cf 20000000 		.4byte	.LVL20
 1787 00d3 0100     		.2byte	0x1
 1788 00d5 50       		.byte	0x50
 1789 00d6 20000000 		.4byte	.LVL20
 1790 00da 26000000 		.4byte	.LFE66
 1791 00de 0400     		.2byte	0x4
 1792 00e0 F3       		.byte	0xf3
 1793 00e1 01       		.uleb128 0x1
 1794 00e2 50       		.byte	0x50
 1795 00e3 9F       		.byte	0x9f
 1796 00e4 00000000 		.4byte	0
 1797 00e8 00000000 		.4byte	0
 1798              	.LLST7:
 1799 00ec 02000000 		.4byte	.LVL14
ARM GAS  C:\Users\UNIPRO~1\AppData\Local\Temp\ccAKWlaQ.s 			page 36


 1800 00f0 0A000000 		.4byte	.LVL15
 1801 00f4 0200     		.2byte	0x2
 1802 00f6 30       		.byte	0x30
 1803 00f7 9F       		.byte	0x9f
 1804 00f8 0A000000 		.4byte	.LVL15
 1805 00fc 26000000 		.4byte	.LFE66
 1806 0100 0100     		.2byte	0x1
 1807 0102 53       		.byte	0x53
 1808 0103 00000000 		.4byte	0
 1809 0107 00000000 		.4byte	0
 1810              	.LLST8:
 1811 010b 02000000 		.4byte	.LVL14
 1812 010f 0A000000 		.4byte	.LVL15
 1813 0113 0100     		.2byte	0x1
 1814 0115 52       		.byte	0x52
 1815 0116 0A000000 		.4byte	.LVL15
 1816 011a 1C000000 		.4byte	.LVL19
 1817 011e 0100     		.2byte	0x1
 1818 0120 55       		.byte	0x55
 1819 0121 00000000 		.4byte	0
 1820 0125 00000000 		.4byte	0
 1821              	.LLST9:
 1822 0129 02000000 		.4byte	.LVL14
 1823 012d 0A000000 		.4byte	.LVL15
 1824 0131 0200     		.2byte	0x2
 1825 0133 30       		.byte	0x30
 1826 0134 9F       		.byte	0x9f
 1827 0135 0A000000 		.4byte	.LVL15
 1828 0139 24000000 		.4byte	.LVL21
 1829 013d 0100     		.2byte	0x1
 1830 013f 56       		.byte	0x56
 1831 0140 00000000 		.4byte	0
 1832 0144 00000000 		.4byte	0
 1833              	.LLST10:
 1834 0148 3C000000 		.4byte	.LVL29
 1835 014c 40000000 		.4byte	.LVL30
 1836 0150 0200     		.2byte	0x2
 1837 0152 30       		.byte	0x30
 1838 0153 9F       		.byte	0x9f
 1839 0154 40000000 		.4byte	.LVL30
 1840 0158 EC000000 		.4byte	.LVL48
 1841 015c 0100     		.2byte	0x1
 1842 015e 54       		.byte	0x54
 1843 015f 00000000 		.4byte	0
 1844 0163 00000000 		.4byte	0
 1845              		.section	.debug_aranges,"",%progbits
 1846 0000 34000000 		.4byte	0x34
 1847 0004 0200     		.2byte	0x2
 1848 0006 00000000 		.4byte	.Ldebug_info0
 1849 000a 04       		.byte	0x4
 1850 000b 00       		.byte	0
 1851 000c 0000     		.2byte	0
 1852 000e 0000     		.2byte	0
 1853 0010 00000000 		.4byte	.LFB64
 1854 0014 1E000000 		.4byte	.LFE64-.LFB64
 1855 0018 00000000 		.4byte	.LFB65
 1856 001c 1E000000 		.4byte	.LFE65-.LFB65
ARM GAS  C:\Users\UNIPRO~1\AppData\Local\Temp\ccAKWlaQ.s 			page 37


 1857 0020 00000000 		.4byte	.LFB66
 1858 0024 26000000 		.4byte	.LFE66-.LFB66
 1859 0028 00000000 		.4byte	.LFB67
 1860 002c C4010000 		.4byte	.LFE67-.LFB67
 1861 0030 00000000 		.4byte	0
 1862 0034 00000000 		.4byte	0
 1863              		.section	.debug_ranges,"",%progbits
 1864              	.Ldebug_ranges0:
 1865 0000 00000000 		.4byte	.LFB64
 1866 0004 1E000000 		.4byte	.LFE64
 1867 0008 00000000 		.4byte	.LFB65
 1868 000c 1E000000 		.4byte	.LFE65
 1869 0010 00000000 		.4byte	.LFB66
 1870 0014 26000000 		.4byte	.LFE66
 1871 0018 00000000 		.4byte	.LFB67
 1872 001c C4010000 		.4byte	.LFE67
 1873 0020 00000000 		.4byte	0
 1874 0024 00000000 		.4byte	0
 1875              		.section	.debug_line,"",%progbits
 1876              	.Ldebug_line0:
 1877 0000 C4020000 		.section	.debug_str,"MS",%progbits,1
 1877      0200FF01 
 1877      00000201 
 1877      FB0E0D00 
 1877      01010101 
 1878              	.LASF6:
 1879 0000 6C6F6E67 		.ascii	"long long int\000"
 1879      206C6F6E 
 1879      6720696E 
 1879      7400
 1880              	.LASF20:
 1881 000e 64617461 		.ascii	"datapin\000"
 1881      70696E00 
 1882              	.LASF34:
 1883 0016 55415254 		.ascii	"UART_1_Start\000"
 1883      5F315F53 
 1883      74617274 
 1883      00
 1884              	.LASF18:
 1885 0023 636F6E6E 		.ascii	"conn_sensors\000"
 1885      5F73656E 
 1885      736F7273 
 1885      00
 1886              	.LASF9:
 1887 0030 5F5F696E 		.ascii	"__int32_t\000"
 1887      7433325F 
 1887      7400
 1888              	.LASF2:
 1889 003a 73686F72 		.ascii	"short int\000"
 1889      7420696E 
 1889      7400
 1890              	.LASF14:
 1891 0044 646F7562 		.ascii	"double\000"
 1891      6C6500
 1892              	.LASF13:
 1893 004b 666C6F61 		.ascii	"float\000"
 1893      7400
ARM GAS  C:\Users\UNIPRO~1\AppData\Local\Temp\ccAKWlaQ.s 			page 38


 1894              	.LASF11:
 1895 0051 75696E74 		.ascii	"uint8\000"
 1895      3800
 1896              	.LASF1:
 1897 0057 756E7369 		.ascii	"unsigned char\000"
 1897      676E6564 
 1897      20636861 
 1897      7200
 1898              	.LASF39:
 1899 0065 474E5520 		.ascii	"GNU C11 5.4.1 20160609 (release) [ARM/embedded-5-br"
 1899      43313120 
 1899      352E342E 
 1899      31203230 
 1899      31363036 
 1900 0098 616E6368 		.ascii	"anch revision 237715] -mcpu=cortex-m3 -mthumb -g -O"
 1900      20726576 
 1900      6973696F 
 1900      6E203233 
 1900      37373135 
 1901 00cb 67202D66 		.ascii	"g -ffunction-sections -ffat-lto-objects\000"
 1901      66756E63 
 1901      74696F6E 
 1901      2D736563 
 1901      74696F6E 
 1902              	.LASF27:
 1903 00f3 414D7578 		.ascii	"AMux_1_FastSelect\000"
 1903      5F315F46 
 1903      61737453 
 1903      656C6563 
 1903      7400
 1904              	.LASF3:
 1905 0105 73686F72 		.ascii	"short unsigned int\000"
 1905      7420756E 
 1905      7369676E 
 1905      65642069 
 1905      6E7400
 1906              	.LASF23:
 1907 0118 54585F44 		.ascii	"TX_DATA\000"
 1907      41544100 
 1908              	.LASF21:
 1909 0120 49544D5F 		.ascii	"ITM_RxBuffer\000"
 1909      52784275 
 1909      66666572 
 1909      00
 1910              	.LASF5:
 1911 012d 6C6F6E67 		.ascii	"long unsigned int\000"
 1911      20756E73 
 1911      69676E65 
 1911      6420696E 
 1911      7400
 1912              	.LASF22:
 1913 013f 52585F44 		.ascii	"RX_DATA_P1\000"
 1913      4154415F 
 1913      503100
 1914              	.LASF32:
 1915 014a 43414E5F 		.ascii	"CAN_1_SendMsg0\000"
 1915      315F5365 
ARM GAS  C:\Users\UNIPRO~1\AppData\Local\Temp\ccAKWlaQ.s 			page 39


 1915      6E644D73 
 1915      673000
 1916              	.LASF33:
 1917 0159 43414E5F 		.ascii	"CAN_1_SendMsg1\000"
 1917      315F5365 
 1917      6E644D73 
 1917      673100
 1918              	.LASF12:
 1919 0168 75696E74 		.ascii	"uint16\000"
 1919      313600
 1920              	.LASF42:
 1921 016f 6D61696E 		.ascii	"main\000"
 1921      00
 1922              	.LASF29:
 1923 0174 4144435F 		.ascii	"ADC_DelSig_1_GetResult16\000"
 1923      44656C53 
 1923      69675F31 
 1923      5F476574 
 1923      52657375 
 1924              	.LASF35:
 1925 018d 4144435F 		.ascii	"ADC_DelSig_1_Start\000"
 1925      44656C53 
 1925      69675F31 
 1925      5F537461 
 1925      727400
 1926              	.LASF8:
 1927 01a0 756E7369 		.ascii	"unsigned int\000"
 1927      676E6564 
 1927      20696E74 
 1927      00
 1928              	.LASF30:
 1929 01ad 4144435F 		.ascii	"ADC_DelSig_1_CountsTo_mVolts\000"
 1929      44656C53 
 1929      69675F31 
 1929      5F436F75 
 1929      6E747354 
 1930              	.LASF7:
 1931 01ca 6C6F6E67 		.ascii	"long long unsigned int\000"
 1931      206C6F6E 
 1931      6720756E 
 1931      7369676E 
 1931      65642069 
 1932              	.LASF24:
 1933 01e1 54585F44 		.ascii	"TX_DATA8\000"
 1933      41544138 
 1933      00
 1934              	.LASF10:
 1935 01ea 696E7433 		.ascii	"int32_t\000"
 1935      325F7400 
 1936              	.LASF19:
 1937 01f2 5472616E 		.ascii	"TransmitBuffer\000"
 1937      736D6974 
 1937      42756666 
 1937      657200
 1938              	.LASF17:
 1939 0201 73697A65 		.ascii	"sizetype\000"
 1939      74797065 
ARM GAS  C:\Users\UNIPRO~1\AppData\Local\Temp\ccAKWlaQ.s 			page 40


 1939      00
 1940              	.LASF36:
 1941 020a 414D7578 		.ascii	"AMux_1_Start\000"
 1941      5F315F53 
 1941      74617274 
 1941      00
 1942              	.LASF40:
 1943 0217 6D61696E 		.ascii	"main.c\000"
 1943      2E6300
 1944              	.LASF15:
 1945 021e 63686172 		.ascii	"char\000"
 1945      00
 1946              	.LASF41:
 1947 0223 433A5C55 		.ascii	"C:\\Users\\UniPrograms\\Documents\\PSoC Creator\\MU"
 1947      73657273 
 1947      5C556E69 
 1947      50726F67 
 1947      72616D73 
 1948 0251 525C564F 		.ascii	"R\\VOLTCANMASTER.cydsn\000"
 1948      4C544341 
 1948      4E4D4153 
 1948      5445522E 
 1948      63796473 
 1949              	.LASF28:
 1950 0267 4144435F 		.ascii	"ADC_DelSig_1_IsEndConversion\000"
 1950      44656C53 
 1950      69675F31 
 1950      5F497345 
 1950      6E64436F 
 1951              	.LASF4:
 1952 0284 6C6F6E67 		.ascii	"long int\000"
 1952      20696E74 
 1952      00
 1953              	.LASF38:
 1954 028d 4144435F 		.ascii	"ADC_DelSig_1_StartConvert\000"
 1954      44656C53 
 1954      69675F31 
 1954      5F537461 
 1954      7274436F 
 1955              	.LASF16:
 1956 02a7 6C6F6E67 		.ascii	"long double\000"
 1956      20646F75 
 1956      626C6500 
 1957              	.LASF37:
 1958 02b3 43414E5F 		.ascii	"CAN_1_Start\000"
 1958      315F5374 
 1958      61727400 
 1959              	.LASF0:
 1960 02bf 7369676E 		.ascii	"signed char\000"
 1960      65642063 
 1960      68617200 
 1961              	.LASF25:
 1962 02cb 55415254 		.ascii	"UART_1_PutString\000"
 1962      5F315F50 
 1962      75745374 
 1962      72696E67 
 1962      00
ARM GAS  C:\Users\UNIPRO~1\AppData\Local\Temp\ccAKWlaQ.s 			page 41


 1963              	.LASF31:
 1964 02dc 73707269 		.ascii	"sprintf\000"
 1964      6E746600 
 1965              	.LASF26:
 1966 02e4 43794465 		.ascii	"CyDelay\000"
 1966      6C617900 
 1967              		.ident	"GCC: (GNU Tools for ARM Embedded Processors) 5.4.1 20160609 (release) [ARM/embedded-5-bran
